[INFO ] 2024-03-17 19:20:39.548 [main] UserTests - **************creating user ****************
[INFO ] 2024-03-17 19:20:43.939 [main] UserTests - **************user is created****************
[INFO ] 2024-03-17 19:20:43.951 [main] UserTests - **************reading user information ****************
[INFO ] 2024-03-17 19:20:45.431 [main] UserTests - ************** user info is displayed ****************
[INFO ] 2024-03-17 19:20:45.441 [main] UserTests - **************user updating ****************
[INFO ] 2024-03-17 19:20:46.883 [main] UserTests - ************** user is updated ****************
[INFO ] 2024-03-17 19:20:48.342 [main] UserTests - **************deleting user ****************
[INFO ] 2024-03-17 19:20:49.724 [main] UserTests - ************** user deleted****************
[INFO ] 2024-03-17 19:21:30.468 [main] UserTests - **************creating user ****************
[INFO ] 2024-03-17 19:21:31.917 [main] UserTests - **************user is created****************
[INFO ] 2024-03-17 19:21:31.928 [main] UserTests - **************reading user information ****************
[INFO ] 2024-03-17 19:21:33.339 [main] UserTests - ************** user info is displayed ****************
[INFO ] 2024-03-17 19:21:33.354 [main] UserTests - **************user updating ****************
[INFO ] 2024-03-17 19:21:34.798 [main] UserTests - ************** user is updated ****************
[INFO ] 2024-03-17 19:21:36.268 [main] UserTests - **************deleting user ****************
[INFO ] 2024-03-17 19:21:37.716 [main] UserTests - ************** user deleted****************
[DEBUG] 2024-03-17 19:23:56.480 [main] PackageRelationshipCollection - Parsing relationship: /xl/_rels/workbook.xml.rels
[DEBUG] 2024-03-17 19:23:56.488 [main] PackageRelationshipCollection - Parsing relationship: /xl/worksheets/_rels/sheet1.xml.rels
[DEBUG] 2024-03-17 19:23:56.491 [main] PackageRelationshipCollection - Parsing relationship: /_rels/.rels
[DEBUG] 2024-03-17 19:23:57.121 [main] POIXMLFactory - using default POIXMLDocumentPart for http://schemas.openxmlformats.org/officeDocument/2006/relationships/printerSettings
[DEBUG] 2024-03-17 19:23:57.294 [main] PackageRelationshipCollection - Parsing relationship: /xl/_rels/workbook.xml.rels
[DEBUG] 2024-03-17 19:23:57.296 [main] PackageRelationshipCollection - Parsing relationship: /xl/worksheets/_rels/sheet1.xml.rels
[DEBUG] 2024-03-17 19:23:57.298 [main] PackageRelationshipCollection - Parsing relationship: /_rels/.rels
[DEBUG] 2024-03-17 19:23:57.326 [main] POIXMLFactory - using default POIXMLDocumentPart for http://schemas.openxmlformats.org/officeDocument/2006/relationships/printerSettings
[DEBUG] 2024-03-17 19:23:57.358 [main] PackageRelationshipCollection - Parsing relationship: /xl/_rels/workbook.xml.rels
[DEBUG] 2024-03-17 19:23:57.360 [main] PackageRelationshipCollection - Parsing relationship: /xl/worksheets/_rels/sheet1.xml.rels
[DEBUG] 2024-03-17 19:23:57.363 [main] PackageRelationshipCollection - Parsing relationship: /_rels/.rels
[DEBUG] 2024-03-17 19:23:57.396 [main] POIXMLFactory - using default POIXMLDocumentPart for http://schemas.openxmlformats.org/officeDocument/2006/relationships/printerSettings
[DEBUG] 2024-03-17 19:23:57.459 [main] PackageRelationshipCollection - Parsing relationship: /xl/_rels/workbook.xml.rels
[DEBUG] 2024-03-17 19:23:57.461 [main] PackageRelationshipCollection - Parsing relationship: /xl/worksheets/_rels/sheet1.xml.rels
[DEBUG] 2024-03-17 19:23:57.463 [main] PackageRelationshipCollection - Parsing relationship: /_rels/.rels
[DEBUG] 2024-03-17 19:23:57.486 [main] POIXMLFactory - using default POIXMLDocumentPart for http://schemas.openxmlformats.org/officeDocument/2006/relationships/printerSettings
[DEBUG] 2024-03-17 19:23:57.518 [main] PackageRelationshipCollection - Parsing relationship: /xl/_rels/workbook.xml.rels
[DEBUG] 2024-03-17 19:23:57.520 [main] PackageRelationshipCollection - Parsing relationship: /xl/worksheets/_rels/sheet1.xml.rels
[DEBUG] 2024-03-17 19:23:57.523 [main] PackageRelationshipCollection - Parsing relationship: /_rels/.rels
[DEBUG] 2024-03-17 19:23:57.541 [main] POIXMLFactory - using default POIXMLDocumentPart for http://schemas.openxmlformats.org/officeDocument/2006/relationships/printerSettings
[DEBUG] 2024-03-17 19:23:57.568 [main] PackageRelationshipCollection - Parsing relationship: /xl/_rels/workbook.xml.rels
[DEBUG] 2024-03-17 19:23:57.569 [main] PackageRelationshipCollection - Parsing relationship: /xl/worksheets/_rels/sheet1.xml.rels
[DEBUG] 2024-03-17 19:23:57.572 [main] PackageRelationshipCollection - Parsing relationship: /_rels/.rels
[DEBUG] 2024-03-17 19:23:57.590 [main] POIXMLFactory - using default POIXMLDocumentPart for http://schemas.openxmlformats.org/officeDocument/2006/relationships/printerSettings
[DEBUG] 2024-03-17 19:23:57.618 [main] PackageRelationshipCollection - Parsing relationship: /xl/_rels/workbook.xml.rels
[DEBUG] 2024-03-17 19:23:57.620 [main] PackageRelationshipCollection - Parsing relationship: /xl/worksheets/_rels/sheet1.xml.rels
[DEBUG] 2024-03-17 19:23:57.623 [main] PackageRelationshipCollection - Parsing relationship: /_rels/.rels
[DEBUG] 2024-03-17 19:23:57.640 [main] POIXMLFactory - using default POIXMLDocumentPart for http://schemas.openxmlformats.org/officeDocument/2006/relationships/printerSettings
[DEBUG] 2024-03-17 19:23:57.666 [main] PackageRelationshipCollection - Parsing relationship: /xl/_rels/workbook.xml.rels
[DEBUG] 2024-03-17 19:23:57.667 [main] PackageRelationshipCollection - Parsing relationship: /xl/worksheets/_rels/sheet1.xml.rels
[DEBUG] 2024-03-17 19:23:57.669 [main] PackageRelationshipCollection - Parsing relationship: /_rels/.rels
[DEBUG] 2024-03-17 19:23:57.686 [main] POIXMLFactory - using default POIXMLDocumentPart for http://schemas.openxmlformats.org/officeDocument/2006/relationships/printerSettings
[DEBUG] 2024-03-17 19:23:57.709 [main] PackageRelationshipCollection - Parsing relationship: /xl/_rels/workbook.xml.rels
[DEBUG] 2024-03-17 19:23:57.710 [main] PackageRelationshipCollection - Parsing relationship: /xl/worksheets/_rels/sheet1.xml.rels
[DEBUG] 2024-03-17 19:23:57.712 [main] PackageRelationshipCollection - Parsing relationship: /_rels/.rels
[DEBUG] 2024-03-17 19:23:57.727 [main] POIXMLFactory - using default POIXMLDocumentPart for http://schemas.openxmlformats.org/officeDocument/2006/relationships/printerSettings
[DEBUG] 2024-03-17 19:23:57.751 [main] PackageRelationshipCollection - Parsing relationship: /xl/_rels/workbook.xml.rels
[DEBUG] 2024-03-17 19:23:57.752 [main] PackageRelationshipCollection - Parsing relationship: /xl/worksheets/_rels/sheet1.xml.rels
[DEBUG] 2024-03-17 19:23:57.754 [main] PackageRelationshipCollection - Parsing relationship: /_rels/.rels
[DEBUG] 2024-03-17 19:23:57.769 [main] POIXMLFactory - using default POIXMLDocumentPart for http://schemas.openxmlformats.org/officeDocument/2006/relationships/printerSettings
[DEBUG] 2024-03-17 19:23:57.790 [main] PackageRelationshipCollection - Parsing relationship: /xl/_rels/workbook.xml.rels
[DEBUG] 2024-03-17 19:23:57.792 [main] PackageRelationshipCollection - Parsing relationship: /xl/worksheets/_rels/sheet1.xml.rels
[DEBUG] 2024-03-17 19:23:57.793 [main] PackageRelationshipCollection - Parsing relationship: /_rels/.rels
[DEBUG] 2024-03-17 19:23:57.809 [main] POIXMLFactory - using default POIXMLDocumentPart for http://schemas.openxmlformats.org/officeDocument/2006/relationships/printerSettings
[DEBUG] 2024-03-17 19:23:57.831 [main] PackageRelationshipCollection - Parsing relationship: /xl/_rels/workbook.xml.rels
[DEBUG] 2024-03-17 19:23:57.832 [main] PackageRelationshipCollection - Parsing relationship: /xl/worksheets/_rels/sheet1.xml.rels
[DEBUG] 2024-03-17 19:23:57.834 [main] PackageRelationshipCollection - Parsing relationship: /_rels/.rels
[DEBUG] 2024-03-17 19:23:57.850 [main] POIXMLFactory - using default POIXMLDocumentPart for http://schemas.openxmlformats.org/officeDocument/2006/relationships/printerSettings
[DEBUG] 2024-03-17 19:23:57.871 [main] PackageRelationshipCollection - Parsing relationship: /xl/_rels/workbook.xml.rels
[DEBUG] 2024-03-17 19:23:57.873 [main] PackageRelationshipCollection - Parsing relationship: /xl/worksheets/_rels/sheet1.xml.rels
[DEBUG] 2024-03-17 19:23:57.875 [main] PackageRelationshipCollection - Parsing relationship: /_rels/.rels
[DEBUG] 2024-03-17 19:23:57.890 [main] POIXMLFactory - using default POIXMLDocumentPart for http://schemas.openxmlformats.org/officeDocument/2006/relationships/printerSettings
[DEBUG] 2024-03-17 19:23:57.910 [main] PackageRelationshipCollection - Parsing relationship: /xl/_rels/workbook.xml.rels
[DEBUG] 2024-03-17 19:23:57.911 [main] PackageRelationshipCollection - Parsing relationship: /xl/worksheets/_rels/sheet1.xml.rels
[DEBUG] 2024-03-17 19:23:57.913 [main] PackageRelationshipCollection - Parsing relationship: /_rels/.rels
[DEBUG] 2024-03-17 19:23:57.927 [main] POIXMLFactory - using default POIXMLDocumentPart for http://schemas.openxmlformats.org/officeDocument/2006/relationships/printerSettings
[DEBUG] 2024-03-17 19:23:57.946 [main] PackageRelationshipCollection - Parsing relationship: /xl/_rels/workbook.xml.rels
[DEBUG] 2024-03-17 19:23:57.948 [main] PackageRelationshipCollection - Parsing relationship: /xl/worksheets/_rels/sheet1.xml.rels
[DEBUG] 2024-03-17 19:23:57.950 [main] PackageRelationshipCollection - Parsing relationship: /_rels/.rels
[DEBUG] 2024-03-17 19:23:57.981 [main] POIXMLFactory - using default POIXMLDocumentPart for http://schemas.openxmlformats.org/officeDocument/2006/relationships/printerSettings
[DEBUG] 2024-03-17 19:23:58.001 [main] PackageRelationshipCollection - Parsing relationship: /xl/_rels/workbook.xml.rels
[DEBUG] 2024-03-17 19:23:58.002 [main] PackageRelationshipCollection - Parsing relationship: /xl/worksheets/_rels/sheet1.xml.rels
[DEBUG] 2024-03-17 19:23:58.004 [main] PackageRelationshipCollection - Parsing relationship: /_rels/.rels
[DEBUG] 2024-03-17 19:23:58.018 [main] POIXMLFactory - using default POIXMLDocumentPart for http://schemas.openxmlformats.org/officeDocument/2006/relationships/printerSettings
[DEBUG] 2024-03-17 19:23:58.037 [main] PackageRelationshipCollection - Parsing relationship: /xl/_rels/workbook.xml.rels
[DEBUG] 2024-03-17 19:23:58.038 [main] PackageRelationshipCollection - Parsing relationship: /xl/worksheets/_rels/sheet1.xml.rels
[DEBUG] 2024-03-17 19:23:58.040 [main] PackageRelationshipCollection - Parsing relationship: /_rels/.rels
[DEBUG] 2024-03-17 19:23:58.052 [main] POIXMLFactory - using default POIXMLDocumentPart for http://schemas.openxmlformats.org/officeDocument/2006/relationships/printerSettings
[DEBUG] 2024-03-17 19:23:58.070 [main] PackageRelationshipCollection - Parsing relationship: /xl/_rels/workbook.xml.rels
[DEBUG] 2024-03-17 19:23:58.072 [main] PackageRelationshipCollection - Parsing relationship: /xl/worksheets/_rels/sheet1.xml.rels
[DEBUG] 2024-03-17 19:23:58.073 [main] PackageRelationshipCollection - Parsing relationship: /_rels/.rels
[DEBUG] 2024-03-17 19:23:58.085 [main] POIXMLFactory - using default POIXMLDocumentPart for http://schemas.openxmlformats.org/officeDocument/2006/relationships/printerSettings
[DEBUG] 2024-03-17 19:23:58.104 [main] PackageRelationshipCollection - Parsing relationship: /xl/_rels/workbook.xml.rels
[DEBUG] 2024-03-17 19:23:58.105 [main] PackageRelationshipCollection - Parsing relationship: /xl/worksheets/_rels/sheet1.xml.rels
[DEBUG] 2024-03-17 19:23:58.107 [main] PackageRelationshipCollection - Parsing relationship: /_rels/.rels
[DEBUG] 2024-03-17 19:23:58.119 [main] POIXMLFactory - using default POIXMLDocumentPart for http://schemas.openxmlformats.org/officeDocument/2006/relationships/printerSettings
[DEBUG] 2024-03-17 19:23:58.137 [main] PackageRelationshipCollection - Parsing relationship: /xl/_rels/workbook.xml.rels
[DEBUG] 2024-03-17 19:23:58.139 [main] PackageRelationshipCollection - Parsing relationship: /xl/worksheets/_rels/sheet1.xml.rels
[DEBUG] 2024-03-17 19:23:58.140 [main] PackageRelationshipCollection - Parsing relationship: /_rels/.rels
[DEBUG] 2024-03-17 19:23:58.153 [main] POIXMLFactory - using default POIXMLDocumentPart for http://schemas.openxmlformats.org/officeDocument/2006/relationships/printerSettings
[DEBUG] 2024-03-17 19:23:58.171 [main] PackageRelationshipCollection - Parsing relationship: /xl/_rels/workbook.xml.rels
[DEBUG] 2024-03-17 19:23:58.173 [main] PackageRelationshipCollection - Parsing relationship: /xl/worksheets/_rels/sheet1.xml.rels
[DEBUG] 2024-03-17 19:23:58.174 [main] PackageRelationshipCollection - Parsing relationship: /_rels/.rels
[DEBUG] 2024-03-17 19:23:58.187 [main] POIXMLFactory - using default POIXMLDocumentPart for http://schemas.openxmlformats.org/officeDocument/2006/relationships/printerSettings
[DEBUG] 2024-03-17 19:23:58.205 [main] PackageRelationshipCollection - Parsing relationship: /xl/_rels/workbook.xml.rels
[DEBUG] 2024-03-17 19:23:58.207 [main] PackageRelationshipCollection - Parsing relationship: /xl/worksheets/_rels/sheet1.xml.rels
[DEBUG] 2024-03-17 19:23:58.208 [main] PackageRelationshipCollection - Parsing relationship: /_rels/.rels
[DEBUG] 2024-03-17 19:23:58.221 [main] POIXMLFactory - using default POIXMLDocumentPart for http://schemas.openxmlformats.org/officeDocument/2006/relationships/printerSettings
[DEBUG] 2024-03-17 19:23:58.238 [main] PackageRelationshipCollection - Parsing relationship: /xl/_rels/workbook.xml.rels
[DEBUG] 2024-03-17 19:23:58.239 [main] PackageRelationshipCollection - Parsing relationship: /xl/worksheets/_rels/sheet1.xml.rels
[DEBUG] 2024-03-17 19:23:58.240 [main] PackageRelationshipCollection - Parsing relationship: /_rels/.rels
[DEBUG] 2024-03-17 19:23:58.252 [main] POIXMLFactory - using default POIXMLDocumentPart for http://schemas.openxmlformats.org/officeDocument/2006/relationships/printerSettings
[DEBUG] 2024-03-17 19:24:05.655 [main] PackageRelationshipCollection - Parsing relationship: /xl/_rels/workbook.xml.rels
[DEBUG] 2024-03-17 19:24:05.656 [main] PackageRelationshipCollection - Parsing relationship: /xl/worksheets/_rels/sheet1.xml.rels
[DEBUG] 2024-03-17 19:24:05.658 [main] PackageRelationshipCollection - Parsing relationship: /_rels/.rels
[DEBUG] 2024-03-17 19:24:05.669 [main] POIXMLFactory - using default POIXMLDocumentPart for http://schemas.openxmlformats.org/officeDocument/2006/relationships/printerSettings
[DEBUG] 2024-03-17 19:24:05.706 [main] PackageRelationshipCollection - Parsing relationship: /xl/_rels/workbook.xml.rels
[DEBUG] 2024-03-17 19:24:05.707 [main] PackageRelationshipCollection - Parsing relationship: /xl/worksheets/_rels/sheet1.xml.rels
[DEBUG] 2024-03-17 19:24:05.708 [main] PackageRelationshipCollection - Parsing relationship: /_rels/.rels
[DEBUG] 2024-03-17 19:24:05.724 [main] POIXMLFactory - using default POIXMLDocumentPart for http://schemas.openxmlformats.org/officeDocument/2006/relationships/printerSettings
[DEBUG] 2024-03-17 19:24:05.779 [main] PackageRelationshipCollection - Parsing relationship: /xl/_rels/workbook.xml.rels
[DEBUG] 2024-03-17 19:24:05.806 [main] PackageRelationshipCollection - Parsing relationship: /xl/worksheets/_rels/sheet1.xml.rels
[DEBUG] 2024-03-17 19:24:05.831 [main] PackageRelationshipCollection - Parsing relationship: /_rels/.rels
[DEBUG] 2024-03-17 19:24:05.850 [main] POIXMLFactory - using default POIXMLDocumentPart for http://schemas.openxmlformats.org/officeDocument/2006/relationships/printerSettings
[DEBUG] 2024-03-17 19:24:05.887 [main] PackageRelationshipCollection - Parsing relationship: /xl/_rels/workbook.xml.rels
[DEBUG] 2024-03-17 19:24:05.889 [main] PackageRelationshipCollection - Parsing relationship: /xl/worksheets/_rels/sheet1.xml.rels
[DEBUG] 2024-03-17 19:24:05.890 [main] PackageRelationshipCollection - Parsing relationship: /_rels/.rels
[DEBUG] 2024-03-17 19:24:05.901 [main] POIXMLFactory - using default POIXMLDocumentPart for http://schemas.openxmlformats.org/officeDocument/2006/relationships/printerSettings
[INFO ] 2024-03-17 19:24:10.592 [main] UserTests - **************creating user ****************
[INFO ] 2024-03-17 19:24:12.041 [main] UserTests - **************user is created****************
[INFO ] 2024-03-17 19:24:12.051 [main] UserTests - **************reading user information ****************
[INFO ] 2024-03-17 19:24:13.433 [main] UserTests - ************** user info is displayed ****************
[INFO ] 2024-03-17 19:24:13.453 [main] UserTests - **************user updating ****************
[INFO ] 2024-03-17 19:24:14.824 [main] UserTests - ************** user is updated ****************
[INFO ] 2024-03-17 19:24:16.193 [main] UserTests - **************deleting user ****************
[INFO ] 2024-03-17 19:24:17.582 [main] UserTests - ************** user deleted****************
