[DEBUG] 2024-03-19 20:20:48.246 [main] PackageRelationshipCollection - Parsing relationship: /xl/_rels/workbook.xml.rels
[DEBUG] 2024-03-19 20:20:48.312 [main] PackageRelationshipCollection - Parsing relationship: /xl/worksheets/_rels/sheet1.xml.rels
[DEBUG] 2024-03-19 20:20:48.322 [main] PackageRelationshipCollection - Parsing relationship: /_rels/.rels
[DEBUG] 2024-03-19 20:20:49.484 [main] POIXMLFactory - using default POIXMLDocumentPart for http://schemas.openxmlformats.org/officeDocument/2006/relationships/printerSettings
[DEBUG] 2024-03-19 20:20:49.668 [main] PackageRelationshipCollection - Parsing relationship: /xl/_rels/workbook.xml.rels
[DEBUG] 2024-03-19 20:20:49.676 [main] PackageRelationshipCollection - Parsing relationship: /xl/worksheets/_rels/sheet1.xml.rels
[DEBUG] 2024-03-19 20:20:49.679 [main] PackageRelationshipCollection - Parsing relationship: /_rels/.rels
[DEBUG] 2024-03-19 20:20:49.716 [main] POIXMLFactory - using default POIXMLDocumentPart for http://schemas.openxmlformats.org/officeDocument/2006/relationships/printerSettings
[DEBUG] 2024-03-19 20:20:49.755 [main] PackageRelationshipCollection - Parsing relationship: /xl/_rels/workbook.xml.rels
[DEBUG] 2024-03-19 20:20:49.756 [main] PackageRelationshipCollection - Parsing relationship: /xl/worksheets/_rels/sheet1.xml.rels
[DEBUG] 2024-03-19 20:20:49.758 [main] PackageRelationshipCollection - Parsing relationship: /_rels/.rels
[DEBUG] 2024-03-19 20:20:49.777 [main] POIXMLFactory - using default POIXMLDocumentPart for http://schemas.openxmlformats.org/officeDocument/2006/relationships/printerSettings
[DEBUG] 2024-03-19 20:20:49.861 [main] PackageRelationshipCollection - Parsing relationship: /xl/_rels/workbook.xml.rels
[DEBUG] 2024-03-19 20:20:49.862 [main] PackageRelationshipCollection - Parsing relationship: /xl/worksheets/_rels/sheet1.xml.rels
[DEBUG] 2024-03-19 20:20:49.866 [main] PackageRelationshipCollection - Parsing relationship: /_rels/.rels
[DEBUG] 2024-03-19 20:20:49.882 [main] POIXMLFactory - using default POIXMLDocumentPart for http://schemas.openxmlformats.org/officeDocument/2006/relationships/printerSettings
[DEBUG] 2024-03-19 20:20:49.915 [main] PackageRelationshipCollection - Parsing relationship: /xl/_rels/workbook.xml.rels
[DEBUG] 2024-03-19 20:20:49.917 [main] PackageRelationshipCollection - Parsing relationship: /xl/worksheets/_rels/sheet1.xml.rels
[DEBUG] 2024-03-19 20:20:49.921 [main] PackageRelationshipCollection - Parsing relationship: /_rels/.rels
[DEBUG] 2024-03-19 20:20:49.939 [main] POIXMLFactory - using default POIXMLDocumentPart for http://schemas.openxmlformats.org/officeDocument/2006/relationships/printerSettings
[DEBUG] 2024-03-19 20:20:49.968 [main] PackageRelationshipCollection - Parsing relationship: /xl/_rels/workbook.xml.rels
[DEBUG] 2024-03-19 20:20:49.969 [main] PackageRelationshipCollection - Parsing relationship: /xl/worksheets/_rels/sheet1.xml.rels
[DEBUG] 2024-03-19 20:20:49.969 [main] PackageRelationshipCollection - Parsing relationship: /_rels/.rels
[DEBUG] 2024-03-19 20:20:49.985 [main] POIXMLFactory - using default POIXMLDocumentPart for http://schemas.openxmlformats.org/officeDocument/2006/relationships/printerSettings
[DEBUG] 2024-03-19 20:20:50.011 [main] PackageRelationshipCollection - Parsing relationship: /xl/_rels/workbook.xml.rels
[DEBUG] 2024-03-19 20:20:50.016 [main] PackageRelationshipCollection - Parsing relationship: /xl/worksheets/_rels/sheet1.xml.rels
[DEBUG] 2024-03-19 20:20:50.018 [main] PackageRelationshipCollection - Parsing relationship: /_rels/.rels
[DEBUG] 2024-03-19 20:20:50.034 [main] POIXMLFactory - using default POIXMLDocumentPart for http://schemas.openxmlformats.org/officeDocument/2006/relationships/printerSettings
[DEBUG] 2024-03-19 20:20:50.059 [main] PackageRelationshipCollection - Parsing relationship: /xl/_rels/workbook.xml.rels
[DEBUG] 2024-03-19 20:20:50.061 [main] PackageRelationshipCollection - Parsing relationship: /xl/worksheets/_rels/sheet1.xml.rels
[DEBUG] 2024-03-19 20:20:50.062 [main] PackageRelationshipCollection - Parsing relationship: /_rels/.rels
[DEBUG] 2024-03-19 20:20:50.079 [main] POIXMLFactory - using default POIXMLDocumentPart for http://schemas.openxmlformats.org/officeDocument/2006/relationships/printerSettings
[DEBUG] 2024-03-19 20:20:50.101 [main] PackageRelationshipCollection - Parsing relationship: /xl/_rels/workbook.xml.rels
[DEBUG] 2024-03-19 20:20:50.102 [main] PackageRelationshipCollection - Parsing relationship: /xl/worksheets/_rels/sheet1.xml.rels
[DEBUG] 2024-03-19 20:20:50.103 [main] PackageRelationshipCollection - Parsing relationship: /_rels/.rels
[DEBUG] 2024-03-19 20:20:50.111 [main] POIXMLFactory - using default POIXMLDocumentPart for http://schemas.openxmlformats.org/officeDocument/2006/relationships/printerSettings
[DEBUG] 2024-03-19 20:20:50.141 [main] PackageRelationshipCollection - Parsing relationship: /xl/_rels/workbook.xml.rels
[DEBUG] 2024-03-19 20:20:50.143 [main] PackageRelationshipCollection - Parsing relationship: /xl/worksheets/_rels/sheet1.xml.rels
[DEBUG] 2024-03-19 20:20:50.144 [main] PackageRelationshipCollection - Parsing relationship: /_rels/.rels
[DEBUG] 2024-03-19 20:20:50.161 [main] POIXMLFactory - using default POIXMLDocumentPart for http://schemas.openxmlformats.org/officeDocument/2006/relationships/printerSettings
[DEBUG] 2024-03-19 20:20:50.181 [main] PackageRelationshipCollection - Parsing relationship: /xl/_rels/workbook.xml.rels
[DEBUG] 2024-03-19 20:20:50.183 [main] PackageRelationshipCollection - Parsing relationship: /xl/worksheets/_rels/sheet1.xml.rels
[DEBUG] 2024-03-19 20:20:50.184 [main] PackageRelationshipCollection - Parsing relationship: /_rels/.rels
[DEBUG] 2024-03-19 20:20:50.199 [main] POIXMLFactory - using default POIXMLDocumentPart for http://schemas.openxmlformats.org/officeDocument/2006/relationships/printerSettings
[DEBUG] 2024-03-19 20:20:50.219 [main] PackageRelationshipCollection - Parsing relationship: /xl/_rels/workbook.xml.rels
[DEBUG] 2024-03-19 20:20:50.220 [main] PackageRelationshipCollection - Parsing relationship: /xl/worksheets/_rels/sheet1.xml.rels
[DEBUG] 2024-03-19 20:20:50.221 [main] PackageRelationshipCollection - Parsing relationship: /_rels/.rels
[DEBUG] 2024-03-19 20:20:50.235 [main] POIXMLFactory - using default POIXMLDocumentPart for http://schemas.openxmlformats.org/officeDocument/2006/relationships/printerSettings
[DEBUG] 2024-03-19 20:20:50.256 [main] PackageRelationshipCollection - Parsing relationship: /xl/_rels/workbook.xml.rels
[DEBUG] 2024-03-19 20:20:50.257 [main] PackageRelationshipCollection - Parsing relationship: /xl/worksheets/_rels/sheet1.xml.rels
[DEBUG] 2024-03-19 20:20:50.259 [main] PackageRelationshipCollection - Parsing relationship: /_rels/.rels
[DEBUG] 2024-03-19 20:20:50.274 [main] POIXMLFactory - using default POIXMLDocumentPart for http://schemas.openxmlformats.org/officeDocument/2006/relationships/printerSettings
[DEBUG] 2024-03-19 20:20:50.292 [main] PackageRelationshipCollection - Parsing relationship: /xl/_rels/workbook.xml.rels
[DEBUG] 2024-03-19 20:20:50.293 [main] PackageRelationshipCollection - Parsing relationship: /xl/worksheets/_rels/sheet1.xml.rels
[DEBUG] 2024-03-19 20:20:50.294 [main] PackageRelationshipCollection - Parsing relationship: /_rels/.rels
[DEBUG] 2024-03-19 20:20:50.308 [main] POIXMLFactory - using default POIXMLDocumentPart for http://schemas.openxmlformats.org/officeDocument/2006/relationships/printerSettings
[DEBUG] 2024-03-19 20:20:50.333 [main] PackageRelationshipCollection - Parsing relationship: /xl/_rels/workbook.xml.rels
[DEBUG] 2024-03-19 20:20:50.336 [main] PackageRelationshipCollection - Parsing relationship: /xl/worksheets/_rels/sheet1.xml.rels
[DEBUG] 2024-03-19 20:20:50.337 [main] PackageRelationshipCollection - Parsing relationship: /_rels/.rels
[DEBUG] 2024-03-19 20:20:50.352 [main] POIXMLFactory - using default POIXMLDocumentPart for http://schemas.openxmlformats.org/officeDocument/2006/relationships/printerSettings
[DEBUG] 2024-03-19 20:20:50.371 [main] PackageRelationshipCollection - Parsing relationship: /xl/_rels/workbook.xml.rels
[DEBUG] 2024-03-19 20:20:50.371 [main] PackageRelationshipCollection - Parsing relationship: /xl/worksheets/_rels/sheet1.xml.rels
[DEBUG] 2024-03-19 20:20:50.371 [main] PackageRelationshipCollection - Parsing relationship: /_rels/.rels
[DEBUG] 2024-03-19 20:20:50.383 [main] POIXMLFactory - using default POIXMLDocumentPart for http://schemas.openxmlformats.org/officeDocument/2006/relationships/printerSettings
[DEBUG] 2024-03-19 20:20:50.405 [main] PackageRelationshipCollection - Parsing relationship: /xl/_rels/workbook.xml.rels
[DEBUG] 2024-03-19 20:20:50.405 [main] PackageRelationshipCollection - Parsing relationship: /xl/worksheets/_rels/sheet1.xml.rels
[DEBUG] 2024-03-19 20:20:50.405 [main] PackageRelationshipCollection - Parsing relationship: /_rels/.rels
[DEBUG] 2024-03-19 20:20:50.419 [main] POIXMLFactory - using default POIXMLDocumentPart for http://schemas.openxmlformats.org/officeDocument/2006/relationships/printerSettings
[DEBUG] 2024-03-19 20:20:50.438 [main] PackageRelationshipCollection - Parsing relationship: /xl/_rels/workbook.xml.rels
[DEBUG] 2024-03-19 20:20:50.438 [main] PackageRelationshipCollection - Parsing relationship: /xl/worksheets/_rels/sheet1.xml.rels
[DEBUG] 2024-03-19 20:20:50.438 [main] PackageRelationshipCollection - Parsing relationship: /_rels/.rels
[DEBUG] 2024-03-19 20:20:50.452 [main] POIXMLFactory - using default POIXMLDocumentPart for http://schemas.openxmlformats.org/officeDocument/2006/relationships/printerSettings
[DEBUG] 2024-03-19 20:20:50.474 [main] PackageRelationshipCollection - Parsing relationship: /xl/_rels/workbook.xml.rels
[DEBUG] 2024-03-19 20:20:50.476 [main] PackageRelationshipCollection - Parsing relationship: /xl/worksheets/_rels/sheet1.xml.rels
[DEBUG] 2024-03-19 20:20:50.477 [main] PackageRelationshipCollection - Parsing relationship: /_rels/.rels
[DEBUG] 2024-03-19 20:20:50.491 [main] POIXMLFactory - using default POIXMLDocumentPart for http://schemas.openxmlformats.org/officeDocument/2006/relationships/printerSettings
[DEBUG] 2024-03-19 20:20:50.506 [main] PackageRelationshipCollection - Parsing relationship: /xl/_rels/workbook.xml.rels
[DEBUG] 2024-03-19 20:20:50.506 [main] PackageRelationshipCollection - Parsing relationship: /xl/worksheets/_rels/sheet1.xml.rels
[DEBUG] 2024-03-19 20:20:50.506 [main] PackageRelationshipCollection - Parsing relationship: /_rels/.rels
[DEBUG] 2024-03-19 20:20:50.522 [main] POIXMLFactory - using default POIXMLDocumentPart for http://schemas.openxmlformats.org/officeDocument/2006/relationships/printerSettings
[DEBUG] 2024-03-19 20:20:50.542 [main] PackageRelationshipCollection - Parsing relationship: /xl/_rels/workbook.xml.rels
[DEBUG] 2024-03-19 20:20:50.543 [main] PackageRelationshipCollection - Parsing relationship: /xl/worksheets/_rels/sheet1.xml.rels
[DEBUG] 2024-03-19 20:20:50.543 [main] PackageRelationshipCollection - Parsing relationship: /_rels/.rels
[DEBUG] 2024-03-19 20:20:50.558 [main] POIXMLFactory - using default POIXMLDocumentPart for http://schemas.openxmlformats.org/officeDocument/2006/relationships/printerSettings
[DEBUG] 2024-03-19 20:20:50.571 [main] PackageRelationshipCollection - Parsing relationship: /xl/_rels/workbook.xml.rels
[DEBUG] 2024-03-19 20:20:50.571 [main] PackageRelationshipCollection - Parsing relationship: /xl/worksheets/_rels/sheet1.xml.rels
[DEBUG] 2024-03-19 20:20:50.571 [main] PackageRelationshipCollection - Parsing relationship: /_rels/.rels
[DEBUG] 2024-03-19 20:20:50.578 [main] POIXMLFactory - using default POIXMLDocumentPart for http://schemas.openxmlformats.org/officeDocument/2006/relationships/printerSettings
[DEBUG] 2024-03-19 20:20:50.603 [main] PackageRelationshipCollection - Parsing relationship: /xl/_rels/workbook.xml.rels
[DEBUG] 2024-03-19 20:20:50.603 [main] PackageRelationshipCollection - Parsing relationship: /xl/worksheets/_rels/sheet1.xml.rels
[DEBUG] 2024-03-19 20:20:50.603 [main] PackageRelationshipCollection - Parsing relationship: /_rels/.rels
[DEBUG] 2024-03-19 20:20:50.616 [main] POIXMLFactory - using default POIXMLDocumentPart for http://schemas.openxmlformats.org/officeDocument/2006/relationships/printerSettings
[DEBUG] 2024-03-19 20:21:00.215 [main] PackageRelationshipCollection - Parsing relationship: /xl/_rels/workbook.xml.rels
[DEBUG] 2024-03-19 20:21:00.215 [main] PackageRelationshipCollection - Parsing relationship: /xl/worksheets/_rels/sheet1.xml.rels
[DEBUG] 2024-03-19 20:21:00.215 [main] PackageRelationshipCollection - Parsing relationship: /_rels/.rels
[DEBUG] 2024-03-19 20:21:00.248 [main] POIXMLFactory - using default POIXMLDocumentPart for http://schemas.openxmlformats.org/officeDocument/2006/relationships/printerSettings
[DEBUG] 2024-03-19 20:21:00.270 [main] PackageRelationshipCollection - Parsing relationship: /xl/_rels/workbook.xml.rels
[DEBUG] 2024-03-19 20:21:00.271 [main] PackageRelationshipCollection - Parsing relationship: /xl/worksheets/_rels/sheet1.xml.rels
[DEBUG] 2024-03-19 20:21:00.271 [main] PackageRelationshipCollection - Parsing relationship: /_rels/.rels
[DEBUG] 2024-03-19 20:21:00.277 [main] POIXMLFactory - using default POIXMLDocumentPart for http://schemas.openxmlformats.org/officeDocument/2006/relationships/printerSettings
[DEBUG] 2024-03-19 20:21:00.287 [main] PackageRelationshipCollection - Parsing relationship: /xl/_rels/workbook.xml.rels
[DEBUG] 2024-03-19 20:21:00.287 [main] PackageRelationshipCollection - Parsing relationship: /xl/worksheets/_rels/sheet1.xml.rels
[DEBUG] 2024-03-19 20:21:00.287 [main] PackageRelationshipCollection - Parsing relationship: /_rels/.rels
[DEBUG] 2024-03-19 20:21:00.303 [main] POIXMLFactory - using default POIXMLDocumentPart for http://schemas.openxmlformats.org/officeDocument/2006/relationships/printerSettings
[DEBUG] 2024-03-19 20:21:00.314 [main] PackageRelationshipCollection - Parsing relationship: /xl/_rels/workbook.xml.rels
[DEBUG] 2024-03-19 20:21:00.326 [main] PackageRelationshipCollection - Parsing relationship: /xl/worksheets/_rels/sheet1.xml.rels
[DEBUG] 2024-03-19 20:21:00.327 [main] PackageRelationshipCollection - Parsing relationship: /_rels/.rels
[DEBUG] 2024-03-19 20:21:00.334 [main] POIXMLFactory - using default POIXMLDocumentPart for http://schemas.openxmlformats.org/officeDocument/2006/relationships/printerSettings
[INFO ] 2024-03-19 20:21:04.734 [main] UserTests2 - **************creating user ****************
[INFO ] 2024-03-19 20:21:06.254 [main] UserTests2 - **************user is created****************
[INFO ] 2024-03-19 20:21:06.255 [main] UserTests2 - **************reading user information ****************
[INFO ] 2024-03-19 20:21:07.525 [main] UserTests2 - ************** user info is displayed ****************
[INFO ] 2024-03-19 20:21:07.537 [main] UserTests2 - **************user updating ****************
[INFO ] 2024-03-19 20:21:08.959 [main] UserTests2 - ************** user is updated ****************
[INFO ] 2024-03-19 20:21:10.459 [main] UserTests2 - **************deleting user ****************
[INFO ] 2024-03-19 20:21:11.864 [main] UserTests2 - ************** user deleted****************
[INFO ] 2024-03-19 20:21:12.004 [main] UserTests - **************creating user ****************
[INFO ] 2024-03-19 20:21:13.273 [main] UserTests - **************user is created****************
[INFO ] 2024-03-19 20:21:13.285 [main] UserTests - **************reading user information ****************
[INFO ] 2024-03-19 20:21:14.613 [main] UserTests - ************** user info is displayed ****************
[INFO ] 2024-03-19 20:21:14.623 [main] UserTests - **************user updating ****************
[INFO ] 2024-03-19 20:21:16.091 [main] UserTests - ************** user is updated ****************
[INFO ] 2024-03-19 20:21:17.501 [main] UserTests - **************deleting user ****************
[INFO ] 2024-03-19 20:21:18.765 [main] UserTests - ************** user deleted****************
[DEBUG] 2024-03-19 20:22:48.886 [main] PackageRelationshipCollection - Parsing relationship: /xl/_rels/workbook.xml.rels
[DEBUG] 2024-03-19 20:22:48.898 [main] PackageRelationshipCollection - Parsing relationship: /xl/worksheets/_rels/sheet1.xml.rels
[DEBUG] 2024-03-19 20:22:48.902 [main] PackageRelationshipCollection - Parsing relationship: /_rels/.rels
[DEBUG] 2024-03-19 20:22:49.548 [main] POIXMLFactory - using default POIXMLDocumentPart for http://schemas.openxmlformats.org/officeDocument/2006/relationships/printerSettings
[DEBUG] 2024-03-19 20:22:49.702 [main] PackageRelationshipCollection - Parsing relationship: /xl/_rels/workbook.xml.rels
[DEBUG] 2024-03-19 20:22:49.708 [main] PackageRelationshipCollection - Parsing relationship: /xl/worksheets/_rels/sheet1.xml.rels
[DEBUG] 2024-03-19 20:22:49.711 [main] PackageRelationshipCollection - Parsing relationship: /_rels/.rels
[DEBUG] 2024-03-19 20:22:49.748 [main] POIXMLFactory - using default POIXMLDocumentPart for http://schemas.openxmlformats.org/officeDocument/2006/relationships/printerSettings
[DEBUG] 2024-03-19 20:22:49.781 [main] PackageRelationshipCollection - Parsing relationship: /xl/_rels/workbook.xml.rels
[DEBUG] 2024-03-19 20:22:49.784 [main] PackageRelationshipCollection - Parsing relationship: /xl/worksheets/_rels/sheet1.xml.rels
[DEBUG] 2024-03-19 20:22:49.784 [main] PackageRelationshipCollection - Parsing relationship: /_rels/.rels
[DEBUG] 2024-03-19 20:22:49.801 [main] POIXMLFactory - using default POIXMLDocumentPart for http://schemas.openxmlformats.org/officeDocument/2006/relationships/printerSettings
[DEBUG] 2024-03-19 20:22:49.870 [main] PackageRelationshipCollection - Parsing relationship: /xl/_rels/workbook.xml.rels
[DEBUG] 2024-03-19 20:22:49.872 [main] PackageRelationshipCollection - Parsing relationship: /xl/worksheets/_rels/sheet1.xml.rels
[DEBUG] 2024-03-19 20:22:49.872 [main] PackageRelationshipCollection - Parsing relationship: /_rels/.rels
[DEBUG] 2024-03-19 20:22:49.895 [main] POIXMLFactory - using default POIXMLDocumentPart for http://schemas.openxmlformats.org/officeDocument/2006/relationships/printerSettings
[DEBUG] 2024-03-19 20:22:49.930 [main] PackageRelationshipCollection - Parsing relationship: /xl/_rels/workbook.xml.rels
[DEBUG] 2024-03-19 20:22:49.932 [main] PackageRelationshipCollection - Parsing relationship: /xl/worksheets/_rels/sheet1.xml.rels
[DEBUG] 2024-03-19 20:22:49.933 [main] PackageRelationshipCollection - Parsing relationship: /_rels/.rels
[DEBUG] 2024-03-19 20:22:49.954 [main] POIXMLFactory - using default POIXMLDocumentPart for http://schemas.openxmlformats.org/officeDocument/2006/relationships/printerSettings
[DEBUG] 2024-03-19 20:22:49.980 [main] PackageRelationshipCollection - Parsing relationship: /xl/_rels/workbook.xml.rels
[DEBUG] 2024-03-19 20:22:49.985 [main] PackageRelationshipCollection - Parsing relationship: /xl/worksheets/_rels/sheet1.xml.rels
[DEBUG] 2024-03-19 20:22:49.987 [main] PackageRelationshipCollection - Parsing relationship: /_rels/.rels
[DEBUG] 2024-03-19 20:22:50.005 [main] POIXMLFactory - using default POIXMLDocumentPart for http://schemas.openxmlformats.org/officeDocument/2006/relationships/printerSettings
[DEBUG] 2024-03-19 20:22:50.029 [main] PackageRelationshipCollection - Parsing relationship: /xl/_rels/workbook.xml.rels
[DEBUG] 2024-03-19 20:22:50.032 [main] PackageRelationshipCollection - Parsing relationship: /xl/worksheets/_rels/sheet1.xml.rels
[DEBUG] 2024-03-19 20:22:50.035 [main] PackageRelationshipCollection - Parsing relationship: /_rels/.rels
[DEBUG] 2024-03-19 20:22:50.052 [main] POIXMLFactory - using default POIXMLDocumentPart for http://schemas.openxmlformats.org/officeDocument/2006/relationships/printerSettings
[DEBUG] 2024-03-19 20:22:50.080 [main] PackageRelationshipCollection - Parsing relationship: /xl/_rels/workbook.xml.rels
[DEBUG] 2024-03-19 20:22:50.081 [main] PackageRelationshipCollection - Parsing relationship: /xl/worksheets/_rels/sheet1.xml.rels
[DEBUG] 2024-03-19 20:22:50.084 [main] PackageRelationshipCollection - Parsing relationship: /_rels/.rels
[DEBUG] 2024-03-19 20:22:50.102 [main] POIXMLFactory - using default POIXMLDocumentPart for http://schemas.openxmlformats.org/officeDocument/2006/relationships/printerSettings
[DEBUG] 2024-03-19 20:22:50.126 [main] PackageRelationshipCollection - Parsing relationship: /xl/_rels/workbook.xml.rels
[DEBUG] 2024-03-19 20:22:50.128 [main] PackageRelationshipCollection - Parsing relationship: /xl/worksheets/_rels/sheet1.xml.rels
[DEBUG] 2024-03-19 20:22:50.129 [main] PackageRelationshipCollection - Parsing relationship: /_rels/.rels
[DEBUG] 2024-03-19 20:22:50.143 [main] POIXMLFactory - using default POIXMLDocumentPart for http://schemas.openxmlformats.org/officeDocument/2006/relationships/printerSettings
[DEBUG] 2024-03-19 20:22:50.171 [main] PackageRelationshipCollection - Parsing relationship: /xl/_rels/workbook.xml.rels
[DEBUG] 2024-03-19 20:22:50.172 [main] PackageRelationshipCollection - Parsing relationship: /xl/worksheets/_rels/sheet1.xml.rels
[DEBUG] 2024-03-19 20:22:50.173 [main] PackageRelationshipCollection - Parsing relationship: /_rels/.rels
[DEBUG] 2024-03-19 20:22:50.191 [main] POIXMLFactory - using default POIXMLDocumentPart for http://schemas.openxmlformats.org/officeDocument/2006/relationships/printerSettings
[DEBUG] 2024-03-19 20:22:50.216 [main] PackageRelationshipCollection - Parsing relationship: /xl/_rels/workbook.xml.rels
[DEBUG] 2024-03-19 20:22:50.217 [main] PackageRelationshipCollection - Parsing relationship: /xl/worksheets/_rels/sheet1.xml.rels
[DEBUG] 2024-03-19 20:22:50.219 [main] PackageRelationshipCollection - Parsing relationship: /_rels/.rels
[DEBUG] 2024-03-19 20:22:50.235 [main] POIXMLFactory - using default POIXMLDocumentPart for http://schemas.openxmlformats.org/officeDocument/2006/relationships/printerSettings
[DEBUG] 2024-03-19 20:22:50.253 [main] PackageRelationshipCollection - Parsing relationship: /xl/_rels/workbook.xml.rels
[DEBUG] 2024-03-19 20:22:50.253 [main] PackageRelationshipCollection - Parsing relationship: /xl/worksheets/_rels/sheet1.xml.rels
[DEBUG] 2024-03-19 20:22:50.253 [main] PackageRelationshipCollection - Parsing relationship: /_rels/.rels
[DEBUG] 2024-03-19 20:22:50.274 [main] POIXMLFactory - using default POIXMLDocumentPart for http://schemas.openxmlformats.org/officeDocument/2006/relationships/printerSettings
[DEBUG] 2024-03-19 20:22:50.295 [main] PackageRelationshipCollection - Parsing relationship: /xl/_rels/workbook.xml.rels
[DEBUG] 2024-03-19 20:22:50.296 [main] PackageRelationshipCollection - Parsing relationship: /xl/worksheets/_rels/sheet1.xml.rels
[DEBUG] 2024-03-19 20:22:50.298 [main] PackageRelationshipCollection - Parsing relationship: /_rels/.rels
[DEBUG] 2024-03-19 20:22:50.313 [main] POIXMLFactory - using default POIXMLDocumentPart for http://schemas.openxmlformats.org/officeDocument/2006/relationships/printerSettings
[DEBUG] 2024-03-19 20:22:50.331 [main] PackageRelationshipCollection - Parsing relationship: /xl/_rels/workbook.xml.rels
[DEBUG] 2024-03-19 20:22:50.331 [main] PackageRelationshipCollection - Parsing relationship: /xl/worksheets/_rels/sheet1.xml.rels
[DEBUG] 2024-03-19 20:22:50.331 [main] PackageRelationshipCollection - Parsing relationship: /_rels/.rels
[DEBUG] 2024-03-19 20:22:50.350 [main] POIXMLFactory - using default POIXMLDocumentPart for http://schemas.openxmlformats.org/officeDocument/2006/relationships/printerSettings
[DEBUG] 2024-03-19 20:22:50.368 [main] PackageRelationshipCollection - Parsing relationship: /xl/_rels/workbook.xml.rels
[DEBUG] 2024-03-19 20:22:50.371 [main] PackageRelationshipCollection - Parsing relationship: /xl/worksheets/_rels/sheet1.xml.rels
[DEBUG] 2024-03-19 20:22:50.372 [main] PackageRelationshipCollection - Parsing relationship: /_rels/.rels
[DEBUG] 2024-03-19 20:22:50.386 [main] POIXMLFactory - using default POIXMLDocumentPart for http://schemas.openxmlformats.org/officeDocument/2006/relationships/printerSettings
[DEBUG] 2024-03-19 20:22:50.406 [main] PackageRelationshipCollection - Parsing relationship: /xl/_rels/workbook.xml.rels
[DEBUG] 2024-03-19 20:22:50.406 [main] PackageRelationshipCollection - Parsing relationship: /xl/worksheets/_rels/sheet1.xml.rels
[DEBUG] 2024-03-19 20:22:50.410 [main] PackageRelationshipCollection - Parsing relationship: /_rels/.rels
[DEBUG] 2024-03-19 20:22:50.420 [main] POIXMLFactory - using default POIXMLDocumentPart for http://schemas.openxmlformats.org/officeDocument/2006/relationships/printerSettings
[DEBUG] 2024-03-19 20:22:50.440 [main] PackageRelationshipCollection - Parsing relationship: /xl/_rels/workbook.xml.rels
[DEBUG] 2024-03-19 20:22:50.441 [main] PackageRelationshipCollection - Parsing relationship: /xl/worksheets/_rels/sheet1.xml.rels
[DEBUG] 2024-03-19 20:22:50.442 [main] PackageRelationshipCollection - Parsing relationship: /_rels/.rels
[DEBUG] 2024-03-19 20:22:50.453 [main] POIXMLFactory - using default POIXMLDocumentPart for http://schemas.openxmlformats.org/officeDocument/2006/relationships/printerSettings
[DEBUG] 2024-03-19 20:22:50.464 [main] PackageRelationshipCollection - Parsing relationship: /xl/_rels/workbook.xml.rels
[DEBUG] 2024-03-19 20:22:50.464 [main] PackageRelationshipCollection - Parsing relationship: /xl/worksheets/_rels/sheet1.xml.rels
[DEBUG] 2024-03-19 20:22:50.464 [main] PackageRelationshipCollection - Parsing relationship: /_rels/.rels
[DEBUG] 2024-03-19 20:22:50.486 [main] POIXMLFactory - using default POIXMLDocumentPart for http://schemas.openxmlformats.org/officeDocument/2006/relationships/printerSettings
[DEBUG] 2024-03-19 20:22:50.504 [main] PackageRelationshipCollection - Parsing relationship: /xl/_rels/workbook.xml.rels
[DEBUG] 2024-03-19 20:22:50.504 [main] PackageRelationshipCollection - Parsing relationship: /xl/worksheets/_rels/sheet1.xml.rels
[DEBUG] 2024-03-19 20:22:50.506 [main] PackageRelationshipCollection - Parsing relationship: /_rels/.rels
[DEBUG] 2024-03-19 20:22:50.519 [main] POIXMLFactory - using default POIXMLDocumentPart for http://schemas.openxmlformats.org/officeDocument/2006/relationships/printerSettings
[DEBUG] 2024-03-19 20:22:50.537 [main] PackageRelationshipCollection - Parsing relationship: /xl/_rels/workbook.xml.rels
[DEBUG] 2024-03-19 20:22:50.540 [main] PackageRelationshipCollection - Parsing relationship: /xl/worksheets/_rels/sheet1.xml.rels
[DEBUG] 2024-03-19 20:22:50.541 [main] PackageRelationshipCollection - Parsing relationship: /_rels/.rels
[DEBUG] 2024-03-19 20:22:50.541 [main] POIXMLFactory - using default POIXMLDocumentPart for http://schemas.openxmlformats.org/officeDocument/2006/relationships/printerSettings
[DEBUG] 2024-03-19 20:22:50.573 [main] PackageRelationshipCollection - Parsing relationship: /xl/_rels/workbook.xml.rels
[DEBUG] 2024-03-19 20:22:50.574 [main] PackageRelationshipCollection - Parsing relationship: /xl/worksheets/_rels/sheet1.xml.rels
[DEBUG] 2024-03-19 20:22:50.577 [main] PackageRelationshipCollection - Parsing relationship: /_rels/.rels
[DEBUG] 2024-03-19 20:22:50.587 [main] POIXMLFactory - using default POIXMLDocumentPart for http://schemas.openxmlformats.org/officeDocument/2006/relationships/printerSettings
[DEBUG] 2024-03-19 20:22:50.605 [main] PackageRelationshipCollection - Parsing relationship: /xl/_rels/workbook.xml.rels
[DEBUG] 2024-03-19 20:22:50.605 [main] PackageRelationshipCollection - Parsing relationship: /xl/worksheets/_rels/sheet1.xml.rels
[DEBUG] 2024-03-19 20:22:50.607 [main] PackageRelationshipCollection - Parsing relationship: /_rels/.rels
[DEBUG] 2024-03-19 20:22:50.618 [main] POIXMLFactory - using default POIXMLDocumentPart for http://schemas.openxmlformats.org/officeDocument/2006/relationships/printerSettings
[DEBUG] 2024-03-19 20:22:50.635 [main] PackageRelationshipCollection - Parsing relationship: /xl/_rels/workbook.xml.rels
[DEBUG] 2024-03-19 20:22:50.635 [main] PackageRelationshipCollection - Parsing relationship: /xl/worksheets/_rels/sheet1.xml.rels
[DEBUG] 2024-03-19 20:22:50.635 [main] PackageRelationshipCollection - Parsing relationship: /_rels/.rels
[DEBUG] 2024-03-19 20:22:50.649 [main] POIXMLFactory - using default POIXMLDocumentPart for http://schemas.openxmlformats.org/officeDocument/2006/relationships/printerSettings
[DEBUG] 2024-03-19 20:22:58.236 [main] PackageRelationshipCollection - Parsing relationship: /xl/_rels/workbook.xml.rels
[DEBUG] 2024-03-19 20:22:58.236 [main] PackageRelationshipCollection - Parsing relationship: /xl/worksheets/_rels/sheet1.xml.rels
[DEBUG] 2024-03-19 20:22:58.246 [main] PackageRelationshipCollection - Parsing relationship: /_rels/.rels
[DEBUG] 2024-03-19 20:22:58.269 [main] POIXMLFactory - using default POIXMLDocumentPart for http://schemas.openxmlformats.org/officeDocument/2006/relationships/printerSettings
[DEBUG] 2024-03-19 20:22:58.293 [main] PackageRelationshipCollection - Parsing relationship: /xl/_rels/workbook.xml.rels
[DEBUG] 2024-03-19 20:22:58.294 [main] PackageRelationshipCollection - Parsing relationship: /xl/worksheets/_rels/sheet1.xml.rels
[DEBUG] 2024-03-19 20:22:58.296 [main] PackageRelationshipCollection - Parsing relationship: /_rels/.rels
[DEBUG] 2024-03-19 20:22:58.307 [main] POIXMLFactory - using default POIXMLDocumentPart for http://schemas.openxmlformats.org/officeDocument/2006/relationships/printerSettings
[DEBUG] 2024-03-19 20:22:58.322 [main] PackageRelationshipCollection - Parsing relationship: /xl/_rels/workbook.xml.rels
[DEBUG] 2024-03-19 20:22:58.323 [main] PackageRelationshipCollection - Parsing relationship: /xl/worksheets/_rels/sheet1.xml.rels
[DEBUG] 2024-03-19 20:22:58.325 [main] PackageRelationshipCollection - Parsing relationship: /_rels/.rels
[DEBUG] 2024-03-19 20:22:58.334 [main] POIXMLFactory - using default POIXMLDocumentPart for http://schemas.openxmlformats.org/officeDocument/2006/relationships/printerSettings
[DEBUG] 2024-03-19 20:22:58.347 [main] PackageRelationshipCollection - Parsing relationship: /xl/_rels/workbook.xml.rels
[DEBUG] 2024-03-19 20:22:58.347 [main] PackageRelationshipCollection - Parsing relationship: /xl/worksheets/_rels/sheet1.xml.rels
[DEBUG] 2024-03-19 20:22:58.347 [main] PackageRelationshipCollection - Parsing relationship: /_rels/.rels
[DEBUG] 2024-03-19 20:22:58.353 [main] POIXMLFactory - using default POIXMLDocumentPart for http://schemas.openxmlformats.org/officeDocument/2006/relationships/printerSettings
[INFO ] 2024-03-19 20:23:03.389 [main] UserTests2 - **************creating user ****************
[INFO ] 2024-03-19 20:23:05.036 [main] UserTests2 - **************user is created****************
[INFO ] 2024-03-19 20:23:05.046 [main] UserTests2 - **************reading user information ****************
[INFO ] 2024-03-19 20:23:06.517 [main] UserTests2 - ************** user info is displayed ****************
[INFO ] 2024-03-19 20:23:06.517 [main] UserTests2 - **************user updating ****************
[INFO ] 2024-03-19 20:23:08.110 [main] UserTests2 - ************** user is updated ****************
[INFO ] 2024-03-19 20:23:09.677 [main] UserTests2 - **************deleting user ****************
[INFO ] 2024-03-19 20:23:11.288 [main] UserTests2 - ************** user deleted****************
[INFO ] 2024-03-19 20:23:11.408 [main] UserTests - **************creating user ****************
[INFO ] 2024-03-19 20:23:12.984 [main] UserTests - **************user is created****************
[INFO ] 2024-03-19 20:23:12.991 [main] UserTests - **************reading user information ****************
[INFO ] 2024-03-19 20:23:14.525 [main] UserTests - ************** user info is displayed ****************
[INFO ] 2024-03-19 20:23:14.525 [main] UserTests - **************user updating ****************
[INFO ] 2024-03-19 20:23:16.189 [main] UserTests - ************** user is updated ****************
[INFO ] 2024-03-19 20:23:17.699 [main] UserTests - **************deleting user ****************
[INFO ] 2024-03-19 20:23:19.194 [main] UserTests - ************** user deleted****************
