[INFO ] 2024-03-18 07:54:41.728 [main] UserTests2 - **************creating user ****************
[INFO ] 2024-03-18 07:54:47.580 [main] UserTests2 - **************user is created****************
[INFO ] 2024-03-18 07:54:47.609 [main] UserTests2 - **************reading user information ****************
[INFO ] 2024-03-18 07:54:49.196 [main] UserTests2 - ************** user info is displayed ****************
[INFO ] 2024-03-18 07:54:49.209 [main] UserTests2 - **************user updating ****************
[INFO ] 2024-03-18 07:54:49.292 [main] UserTests2 - **************deleting user ****************
[INFO ] 2024-03-18 07:54:50.763 [main] UserTests2 - ************** user deleted****************
[INFO ] 2024-03-18 07:54:50.888 [main] UserTests - **************creating user ****************
[INFO ] 2024-03-18 07:54:52.341 [main] UserTests - **************user is created****************
[INFO ] 2024-03-18 07:54:52.363 [main] UserTests - **************reading user information ****************
[INFO ] 2024-03-18 07:54:53.871 [main] UserTests - ************** user info is displayed ****************
[INFO ] 2024-03-18 07:54:53.880 [main] UserTests - **************user updating ****************
[INFO ] 2024-03-18 07:54:55.344 [main] UserTests - ************** user is updated ****************
[INFO ] 2024-03-18 07:54:56.787 [main] UserTests - **************deleting user ****************
[INFO ] 2024-03-18 07:54:58.264 [main] UserTests - ************** user deleted****************
[INFO ] 2024-03-18 07:55:52.590 [main] UserTests2 - **************creating user ****************
[INFO ] 2024-03-18 07:55:56.967 [main] UserTests2 - **************user is created****************
[INFO ] 2024-03-18 07:55:57.003 [main] UserTests2 - **************reading user information ****************
[INFO ] 2024-03-18 07:55:58.321 [main] UserTests2 - ************** user info is displayed ****************
[INFO ] 2024-03-18 07:55:58.333 [main] UserTests2 - **************user updating ****************
[INFO ] 2024-03-18 07:55:58.353 [main] UserTests2 - **************deleting user ****************
[INFO ] 2024-03-18 07:55:59.724 [main] UserTests2 - ************** user deleted****************
[INFO ] 2024-03-18 07:59:03.805 [main] UserTests2 - **************creating user ****************
[INFO ] 2024-03-18 07:59:08.500 [main] UserTests2 - **************user is created****************
[INFO ] 2024-03-18 07:59:08.531 [main] UserTests2 - **************reading user information ****************
[INFO ] 2024-03-18 07:59:10.001 [main] UserTests2 - ************** user info is displayed ****************
[INFO ] 2024-03-18 07:59:10.017 [main] UserTests2 - **************user updating ****************
[INFO ] 2024-03-18 07:59:11.514 [main] UserTests2 - ************** user is updated ****************
[INFO ] 2024-03-18 07:59:12.982 [main] UserTests2 - **************deleting user ****************
[INFO ] 2024-03-18 07:59:14.431 [main] UserTests2 - ************** user deleted****************
[DEBUG] 2024-03-18 08:16:53.143 [main] PackageRelationshipCollection - Parsing relationship: /xl/_rels/workbook.xml.rels
[DEBUG] 2024-03-18 08:16:53.157 [main] PackageRelationshipCollection - Parsing relationship: /xl/worksheets/_rels/sheet1.xml.rels
[DEBUG] 2024-03-18 08:16:53.163 [main] PackageRelationshipCollection - Parsing relationship: /_rels/.rels
[DEBUG] 2024-03-18 08:16:54.011 [main] POIXMLFactory - using default POIXMLDocumentPart for http://schemas.openxmlformats.org/officeDocument/2006/relationships/printerSettings
[DEBUG] 2024-03-18 08:16:54.221 [main] PackageRelationshipCollection - Parsing relationship: /xl/_rels/workbook.xml.rels
[DEBUG] 2024-03-18 08:16:54.223 [main] PackageRelationshipCollection - Parsing relationship: /xl/worksheets/_rels/sheet1.xml.rels
[DEBUG] 2024-03-18 08:16:54.226 [main] PackageRelationshipCollection - Parsing relationship: /_rels/.rels
[DEBUG] 2024-03-18 08:16:54.259 [main] POIXMLFactory - using default POIXMLDocumentPart for http://schemas.openxmlformats.org/officeDocument/2006/relationships/printerSettings
[DEBUG] 2024-03-18 08:16:54.299 [main] PackageRelationshipCollection - Parsing relationship: /xl/_rels/workbook.xml.rels
[DEBUG] 2024-03-18 08:16:54.303 [main] PackageRelationshipCollection - Parsing relationship: /xl/worksheets/_rels/sheet1.xml.rels
[DEBUG] 2024-03-18 08:16:54.306 [main] PackageRelationshipCollection - Parsing relationship: /_rels/.rels
[DEBUG] 2024-03-18 08:16:54.333 [main] POIXMLFactory - using default POIXMLDocumentPart for http://schemas.openxmlformats.org/officeDocument/2006/relationships/printerSettings
[DEBUG] 2024-03-18 08:16:54.399 [main] PackageRelationshipCollection - Parsing relationship: /xl/_rels/workbook.xml.rels
[DEBUG] 2024-03-18 08:16:54.400 [main] PackageRelationshipCollection - Parsing relationship: /xl/worksheets/_rels/sheet1.xml.rels
[DEBUG] 2024-03-18 08:16:54.403 [main] PackageRelationshipCollection - Parsing relationship: /_rels/.rels
[DEBUG] 2024-03-18 08:16:54.425 [main] POIXMLFactory - using default POIXMLDocumentPart for http://schemas.openxmlformats.org/officeDocument/2006/relationships/printerSettings
[DEBUG] 2024-03-18 08:16:54.467 [main] PackageRelationshipCollection - Parsing relationship: /xl/_rels/workbook.xml.rels
[DEBUG] 2024-03-18 08:16:54.469 [main] PackageRelationshipCollection - Parsing relationship: /xl/worksheets/_rels/sheet1.xml.rels
[DEBUG] 2024-03-18 08:16:54.471 [main] PackageRelationshipCollection - Parsing relationship: /_rels/.rels
[DEBUG] 2024-03-18 08:16:54.491 [main] POIXMLFactory - using default POIXMLDocumentPart for http://schemas.openxmlformats.org/officeDocument/2006/relationships/printerSettings
[DEBUG] 2024-03-18 08:16:54.528 [main] PackageRelationshipCollection - Parsing relationship: /xl/_rels/workbook.xml.rels
[DEBUG] 2024-03-18 08:16:54.529 [main] PackageRelationshipCollection - Parsing relationship: /xl/worksheets/_rels/sheet1.xml.rels
[DEBUG] 2024-03-18 08:16:54.531 [main] PackageRelationshipCollection - Parsing relationship: /_rels/.rels
[DEBUG] 2024-03-18 08:16:54.551 [main] POIXMLFactory - using default POIXMLDocumentPart for http://schemas.openxmlformats.org/officeDocument/2006/relationships/printerSettings
[DEBUG] 2024-03-18 08:16:54.579 [main] PackageRelationshipCollection - Parsing relationship: /xl/_rels/workbook.xml.rels
[DEBUG] 2024-03-18 08:16:54.581 [main] PackageRelationshipCollection - Parsing relationship: /xl/worksheets/_rels/sheet1.xml.rels
[DEBUG] 2024-03-18 08:16:54.584 [main] PackageRelationshipCollection - Parsing relationship: /_rels/.rels
[DEBUG] 2024-03-18 08:16:54.603 [main] POIXMLFactory - using default POIXMLDocumentPart for http://schemas.openxmlformats.org/officeDocument/2006/relationships/printerSettings
[DEBUG] 2024-03-18 08:16:54.628 [main] PackageRelationshipCollection - Parsing relationship: /xl/_rels/workbook.xml.rels
[DEBUG] 2024-03-18 08:16:54.630 [main] PackageRelationshipCollection - Parsing relationship: /xl/worksheets/_rels/sheet1.xml.rels
[DEBUG] 2024-03-18 08:16:54.631 [main] PackageRelationshipCollection - Parsing relationship: /_rels/.rels
[DEBUG] 2024-03-18 08:16:54.652 [main] POIXMLFactory - using default POIXMLDocumentPart for http://schemas.openxmlformats.org/officeDocument/2006/relationships/printerSettings
[DEBUG] 2024-03-18 08:16:54.684 [main] PackageRelationshipCollection - Parsing relationship: /xl/_rels/workbook.xml.rels
[DEBUG] 2024-03-18 08:16:54.686 [main] PackageRelationshipCollection - Parsing relationship: /xl/worksheets/_rels/sheet1.xml.rels
[DEBUG] 2024-03-18 08:16:54.687 [main] PackageRelationshipCollection - Parsing relationship: /_rels/.rels
[DEBUG] 2024-03-18 08:16:54.705 [main] POIXMLFactory - using default POIXMLDocumentPart for http://schemas.openxmlformats.org/officeDocument/2006/relationships/printerSettings
[DEBUG] 2024-03-18 08:16:54.731 [main] PackageRelationshipCollection - Parsing relationship: /xl/_rels/workbook.xml.rels
[DEBUG] 2024-03-18 08:16:54.733 [main] PackageRelationshipCollection - Parsing relationship: /xl/worksheets/_rels/sheet1.xml.rels
[DEBUG] 2024-03-18 08:16:54.735 [main] PackageRelationshipCollection - Parsing relationship: /_rels/.rels
[DEBUG] 2024-03-18 08:16:54.753 [main] POIXMLFactory - using default POIXMLDocumentPart for http://schemas.openxmlformats.org/officeDocument/2006/relationships/printerSettings
[DEBUG] 2024-03-18 08:16:54.787 [main] PackageRelationshipCollection - Parsing relationship: /xl/_rels/workbook.xml.rels
[DEBUG] 2024-03-18 08:16:54.788 [main] PackageRelationshipCollection - Parsing relationship: /xl/worksheets/_rels/sheet1.xml.rels
[DEBUG] 2024-03-18 08:16:54.790 [main] PackageRelationshipCollection - Parsing relationship: /_rels/.rels
[DEBUG] 2024-03-18 08:16:54.809 [main] POIXMLFactory - using default POIXMLDocumentPart for http://schemas.openxmlformats.org/officeDocument/2006/relationships/printerSettings
[DEBUG] 2024-03-18 08:16:54.844 [main] PackageRelationshipCollection - Parsing relationship: /xl/_rels/workbook.xml.rels
[DEBUG] 2024-03-18 08:16:54.846 [main] PackageRelationshipCollection - Parsing relationship: /xl/worksheets/_rels/sheet1.xml.rels
[DEBUG] 2024-03-18 08:16:54.848 [main] PackageRelationshipCollection - Parsing relationship: /_rels/.rels
[DEBUG] 2024-03-18 08:16:54.871 [main] POIXMLFactory - using default POIXMLDocumentPart for http://schemas.openxmlformats.org/officeDocument/2006/relationships/printerSettings
[DEBUG] 2024-03-18 08:16:54.897 [main] PackageRelationshipCollection - Parsing relationship: /xl/_rels/workbook.xml.rels
[DEBUG] 2024-03-18 08:16:54.899 [main] PackageRelationshipCollection - Parsing relationship: /xl/worksheets/_rels/sheet1.xml.rels
[DEBUG] 2024-03-18 08:16:54.904 [main] PackageRelationshipCollection - Parsing relationship: /_rels/.rels
[DEBUG] 2024-03-18 08:16:54.923 [main] POIXMLFactory - using default POIXMLDocumentPart for http://schemas.openxmlformats.org/officeDocument/2006/relationships/printerSettings
[DEBUG] 2024-03-18 08:16:54.951 [main] PackageRelationshipCollection - Parsing relationship: /xl/_rels/workbook.xml.rels
[DEBUG] 2024-03-18 08:16:54.953 [main] PackageRelationshipCollection - Parsing relationship: /xl/worksheets/_rels/sheet1.xml.rels
[DEBUG] 2024-03-18 08:16:54.955 [main] PackageRelationshipCollection - Parsing relationship: /_rels/.rels
[DEBUG] 2024-03-18 08:16:54.968 [main] POIXMLFactory - using default POIXMLDocumentPart for http://schemas.openxmlformats.org/officeDocument/2006/relationships/printerSettings
[DEBUG] 2024-03-18 08:16:54.993 [main] PackageRelationshipCollection - Parsing relationship: /xl/_rels/workbook.xml.rels
[DEBUG] 2024-03-18 08:16:54.994 [main] PackageRelationshipCollection - Parsing relationship: /xl/worksheets/_rels/sheet1.xml.rels
[DEBUG] 2024-03-18 08:16:54.995 [main] PackageRelationshipCollection - Parsing relationship: /_rels/.rels
[DEBUG] 2024-03-18 08:16:55.012 [main] POIXMLFactory - using default POIXMLDocumentPart for http://schemas.openxmlformats.org/officeDocument/2006/relationships/printerSettings
[DEBUG] 2024-03-18 08:16:55.045 [main] PackageRelationshipCollection - Parsing relationship: /xl/_rels/workbook.xml.rels
[DEBUG] 2024-03-18 08:16:55.046 [main] PackageRelationshipCollection - Parsing relationship: /xl/worksheets/_rels/sheet1.xml.rels
[DEBUG] 2024-03-18 08:16:55.048 [main] PackageRelationshipCollection - Parsing relationship: /_rels/.rels
[DEBUG] 2024-03-18 08:16:55.075 [main] POIXMLFactory - using default POIXMLDocumentPart for http://schemas.openxmlformats.org/officeDocument/2006/relationships/printerSettings
[DEBUG] 2024-03-18 08:16:55.102 [main] PackageRelationshipCollection - Parsing relationship: /xl/_rels/workbook.xml.rels
[DEBUG] 2024-03-18 08:16:55.104 [main] PackageRelationshipCollection - Parsing relationship: /xl/worksheets/_rels/sheet1.xml.rels
[DEBUG] 2024-03-18 08:16:55.106 [main] PackageRelationshipCollection - Parsing relationship: /_rels/.rels
[DEBUG] 2024-03-18 08:16:55.120 [main] POIXMLFactory - using default POIXMLDocumentPart for http://schemas.openxmlformats.org/officeDocument/2006/relationships/printerSettings
[DEBUG] 2024-03-18 08:16:55.142 [main] PackageRelationshipCollection - Parsing relationship: /xl/_rels/workbook.xml.rels
[DEBUG] 2024-03-18 08:16:55.144 [main] PackageRelationshipCollection - Parsing relationship: /xl/worksheets/_rels/sheet1.xml.rels
[DEBUG] 2024-03-18 08:16:55.145 [main] PackageRelationshipCollection - Parsing relationship: /_rels/.rels
[DEBUG] 2024-03-18 08:16:55.171 [main] POIXMLFactory - using default POIXMLDocumentPart for http://schemas.openxmlformats.org/officeDocument/2006/relationships/printerSettings
[DEBUG] 2024-03-18 08:16:55.198 [main] PackageRelationshipCollection - Parsing relationship: /xl/_rels/workbook.xml.rels
[DEBUG] 2024-03-18 08:16:55.203 [main] PackageRelationshipCollection - Parsing relationship: /xl/worksheets/_rels/sheet1.xml.rels
[DEBUG] 2024-03-18 08:16:55.204 [main] PackageRelationshipCollection - Parsing relationship: /_rels/.rels
[DEBUG] 2024-03-18 08:16:55.218 [main] POIXMLFactory - using default POIXMLDocumentPart for http://schemas.openxmlformats.org/officeDocument/2006/relationships/printerSettings
[DEBUG] 2024-03-18 08:16:55.256 [main] PackageRelationshipCollection - Parsing relationship: /xl/_rels/workbook.xml.rels
[DEBUG] 2024-03-18 08:16:55.257 [main] PackageRelationshipCollection - Parsing relationship: /xl/worksheets/_rels/sheet1.xml.rels
[DEBUG] 2024-03-18 08:16:55.260 [main] PackageRelationshipCollection - Parsing relationship: /_rels/.rels
[DEBUG] 2024-03-18 08:16:55.296 [main] POIXMLFactory - using default POIXMLDocumentPart for http://schemas.openxmlformats.org/officeDocument/2006/relationships/printerSettings
[DEBUG] 2024-03-18 08:16:55.357 [main] PackageRelationshipCollection - Parsing relationship: /xl/_rels/workbook.xml.rels
[DEBUG] 2024-03-18 08:16:55.360 [main] PackageRelationshipCollection - Parsing relationship: /xl/worksheets/_rels/sheet1.xml.rels
[DEBUG] 2024-03-18 08:16:55.365 [main] PackageRelationshipCollection - Parsing relationship: /_rels/.rels
[DEBUG] 2024-03-18 08:16:55.381 [main] POIXMLFactory - using default POIXMLDocumentPart for http://schemas.openxmlformats.org/officeDocument/2006/relationships/printerSettings
[DEBUG] 2024-03-18 08:16:55.400 [main] PackageRelationshipCollection - Parsing relationship: /xl/_rels/workbook.xml.rels
[DEBUG] 2024-03-18 08:16:55.402 [main] PackageRelationshipCollection - Parsing relationship: /xl/worksheets/_rels/sheet1.xml.rels
[DEBUG] 2024-03-18 08:16:55.403 [main] PackageRelationshipCollection - Parsing relationship: /_rels/.rels
[DEBUG] 2024-03-18 08:16:55.491 [main] POIXMLFactory - using default POIXMLDocumentPart for http://schemas.openxmlformats.org/officeDocument/2006/relationships/printerSettings
[DEBUG] 2024-03-18 08:16:55.508 [main] PackageRelationshipCollection - Parsing relationship: /xl/_rels/workbook.xml.rels
[DEBUG] 2024-03-18 08:16:55.509 [main] PackageRelationshipCollection - Parsing relationship: /xl/worksheets/_rels/sheet1.xml.rels
[DEBUG] 2024-03-18 08:16:55.510 [main] PackageRelationshipCollection - Parsing relationship: /_rels/.rels
[DEBUG] 2024-03-18 08:16:55.521 [main] POIXMLFactory - using default POIXMLDocumentPart for http://schemas.openxmlformats.org/officeDocument/2006/relationships/printerSettings
[DEBUG] 2024-03-18 08:17:03.287 [main] PackageRelationshipCollection - Parsing relationship: /xl/_rels/workbook.xml.rels
[DEBUG] 2024-03-18 08:17:03.321 [main] PackageRelationshipCollection - Parsing relationship: /xl/worksheets/_rels/sheet1.xml.rels
[DEBUG] 2024-03-18 08:17:03.323 [main] PackageRelationshipCollection - Parsing relationship: /_rels/.rels
[DEBUG] 2024-03-18 08:17:03.339 [main] POIXMLFactory - using default POIXMLDocumentPart for http://schemas.openxmlformats.org/officeDocument/2006/relationships/printerSettings
[DEBUG] 2024-03-18 08:17:03.356 [main] PackageRelationshipCollection - Parsing relationship: /xl/_rels/workbook.xml.rels
[DEBUG] 2024-03-18 08:17:03.358 [main] PackageRelationshipCollection - Parsing relationship: /xl/worksheets/_rels/sheet1.xml.rels
[DEBUG] 2024-03-18 08:17:03.359 [main] PackageRelationshipCollection - Parsing relationship: /_rels/.rels
[DEBUG] 2024-03-18 08:17:03.370 [main] POIXMLFactory - using default POIXMLDocumentPart for http://schemas.openxmlformats.org/officeDocument/2006/relationships/printerSettings
[DEBUG] 2024-03-18 08:17:03.385 [main] PackageRelationshipCollection - Parsing relationship: /xl/_rels/workbook.xml.rels
[DEBUG] 2024-03-18 08:17:03.386 [main] PackageRelationshipCollection - Parsing relationship: /xl/worksheets/_rels/sheet1.xml.rels
[DEBUG] 2024-03-18 08:17:03.387 [main] PackageRelationshipCollection - Parsing relationship: /_rels/.rels
[DEBUG] 2024-03-18 08:17:03.400 [main] POIXMLFactory - using default POIXMLDocumentPart for http://schemas.openxmlformats.org/officeDocument/2006/relationships/printerSettings
[DEBUG] 2024-03-18 08:17:03.415 [main] PackageRelationshipCollection - Parsing relationship: /xl/_rels/workbook.xml.rels
[DEBUG] 2024-03-18 08:17:03.416 [main] PackageRelationshipCollection - Parsing relationship: /xl/worksheets/_rels/sheet1.xml.rels
[DEBUG] 2024-03-18 08:17:03.417 [main] PackageRelationshipCollection - Parsing relationship: /_rels/.rels
[DEBUG] 2024-03-18 08:17:03.428 [main] POIXMLFactory - using default POIXMLDocumentPart for http://schemas.openxmlformats.org/officeDocument/2006/relationships/printerSettings
[INFO ] 2024-03-18 08:17:08.238 [main] UserTests - **************creating user ****************
[INFO ] 2024-03-18 08:17:09.798 [main] UserTests - **************user is created****************
[INFO ] 2024-03-18 08:17:09.803 [main] UserTests - **************reading user information ****************
[INFO ] 2024-03-18 08:17:11.243 [main] UserTests - ************** user info is displayed ****************
[INFO ] 2024-03-18 08:17:11.245 [main] UserTests - **************user updating ****************
[INFO ] 2024-03-18 08:17:12.623 [main] UserTests - ************** user is updated ****************
[INFO ] 2024-03-18 08:17:14.085 [main] UserTests - **************deleting user ****************
[INFO ] 2024-03-18 08:17:15.460 [main] UserTests - ************** user deleted****************
[INFO ] 2024-03-18 08:25:52.055 [main] UserTests2 - **************creating user ****************
[INFO ] 2024-03-18 08:25:59.095 [main] UserTests2 - **************user is created****************
[INFO ] 2024-03-18 08:25:59.119 [main] UserTests2 - **************reading user information ****************
[INFO ] 2024-03-18 08:26:00.794 [main] UserTests2 - ************** user info is displayed ****************
[INFO ] 2024-03-18 08:26:00.799 [main] UserTests2 - **************user updating ****************
[INFO ] 2024-03-18 08:26:02.515 [main] UserTests2 - ************** user is updated ****************
[INFO ] 2024-03-18 08:26:04.176 [main] UserTests2 - **************deleting user ****************
[INFO ] 2024-03-18 08:26:05.887 [main] UserTests2 - ************** user deleted****************
[INFO ] 2024-03-18 08:45:05.522 [main] UserTests2 - **************creating user ****************
[INFO ] 2024-03-18 08:45:11.680 [main] UserTests2 - **************user is created****************
[INFO ] 2024-03-18 08:45:11.705 [main] UserTests2 - **************reading user information ****************
[INFO ] 2024-03-18 08:45:13.140 [main] UserTests2 - ************** user info is displayed ****************
[INFO ] 2024-03-18 08:45:13.143 [main] UserTests2 - **************user updating ****************
[INFO ] 2024-03-18 08:45:14.536 [main] UserTests2 - ************** user is updated ****************
[INFO ] 2024-03-18 08:45:16.029 [main] UserTests2 - **************deleting user ****************
[INFO ] 2024-03-18 08:45:17.465 [main] UserTests2 - ************** user deleted****************
[INFO ] 2024-03-18 08:51:04.237 [main] UserTests2 - **************creating user ****************
[INFO ] 2024-03-18 08:51:09.313 [main] UserTests2 - **************user is created****************
[INFO ] 2024-03-18 08:51:09.346 [main] UserTests2 - **************reading user information ****************
[INFO ] 2024-03-18 08:51:10.694 [main] UserTests2 - ************** user info is displayed ****************
[INFO ] 2024-03-18 08:51:10.697 [main] UserTests2 - **************user updating ****************
[INFO ] 2024-03-18 08:51:12.052 [main] UserTests2 - ************** user is updated ****************
[INFO ] 2024-03-18 08:51:13.316 [main] UserTests2 - **************deleting user ****************
[INFO ] 2024-03-18 08:51:14.542 [main] UserTests2 - ************** user deleted****************
[DEBUG] 2024-03-18 09:03:34.854 [main] PackageRelationshipCollection - Parsing relationship: /xl/_rels/workbook.xml.rels
[DEBUG] 2024-03-18 09:03:34.871 [main] PackageRelationshipCollection - Parsing relationship: /xl/worksheets/_rels/sheet1.xml.rels
[DEBUG] 2024-03-18 09:03:34.875 [main] PackageRelationshipCollection - Parsing relationship: /_rels/.rels
[DEBUG] 2024-03-18 09:03:36.267 [main] POIXMLFactory - using default POIXMLDocumentPart for http://schemas.openxmlformats.org/officeDocument/2006/relationships/printerSettings
[DEBUG] 2024-03-18 09:03:36.614 [main] PackageRelationshipCollection - Parsing relationship: /xl/_rels/workbook.xml.rels
[DEBUG] 2024-03-18 09:03:36.620 [main] PackageRelationshipCollection - Parsing relationship: /xl/worksheets/_rels/sheet1.xml.rels
[DEBUG] 2024-03-18 09:03:36.623 [main] PackageRelationshipCollection - Parsing relationship: /_rels/.rels
[DEBUG] 2024-03-18 09:03:36.662 [main] POIXMLFactory - using default POIXMLDocumentPart for http://schemas.openxmlformats.org/officeDocument/2006/relationships/printerSettings
[DEBUG] 2024-03-18 09:03:36.698 [main] PackageRelationshipCollection - Parsing relationship: /xl/_rels/workbook.xml.rels
[DEBUG] 2024-03-18 09:03:36.700 [main] PackageRelationshipCollection - Parsing relationship: /xl/worksheets/_rels/sheet1.xml.rels
[DEBUG] 2024-03-18 09:03:36.702 [main] PackageRelationshipCollection - Parsing relationship: /_rels/.rels
[DEBUG] 2024-03-18 09:03:36.729 [main] POIXMLFactory - using default POIXMLDocumentPart for http://schemas.openxmlformats.org/officeDocument/2006/relationships/printerSettings
[DEBUG] 2024-03-18 09:03:36.864 [main] PackageRelationshipCollection - Parsing relationship: /xl/_rels/workbook.xml.rels
[DEBUG] 2024-03-18 09:03:36.866 [main] PackageRelationshipCollection - Parsing relationship: /xl/worksheets/_rels/sheet1.xml.rels
[DEBUG] 2024-03-18 09:03:36.870 [main] PackageRelationshipCollection - Parsing relationship: /_rels/.rels
[DEBUG] 2024-03-18 09:03:36.892 [main] POIXMLFactory - using default POIXMLDocumentPart for http://schemas.openxmlformats.org/officeDocument/2006/relationships/printerSettings
[DEBUG] 2024-03-18 09:03:36.928 [main] PackageRelationshipCollection - Parsing relationship: /xl/_rels/workbook.xml.rels
[DEBUG] 2024-03-18 09:03:36.929 [main] PackageRelationshipCollection - Parsing relationship: /xl/worksheets/_rels/sheet1.xml.rels
[DEBUG] 2024-03-18 09:03:36.931 [main] PackageRelationshipCollection - Parsing relationship: /_rels/.rels
[DEBUG] 2024-03-18 09:03:36.950 [main] POIXMLFactory - using default POIXMLDocumentPart for http://schemas.openxmlformats.org/officeDocument/2006/relationships/printerSettings
[DEBUG] 2024-03-18 09:03:36.979 [main] PackageRelationshipCollection - Parsing relationship: /xl/_rels/workbook.xml.rels
[DEBUG] 2024-03-18 09:03:36.981 [main] PackageRelationshipCollection - Parsing relationship: /xl/worksheets/_rels/sheet1.xml.rels
[DEBUG] 2024-03-18 09:03:36.983 [main] PackageRelationshipCollection - Parsing relationship: /_rels/.rels
[DEBUG] 2024-03-18 09:03:37.004 [main] POIXMLFactory - using default POIXMLDocumentPart for http://schemas.openxmlformats.org/officeDocument/2006/relationships/printerSettings
[DEBUG] 2024-03-18 09:03:37.038 [main] PackageRelationshipCollection - Parsing relationship: /xl/_rels/workbook.xml.rels
[DEBUG] 2024-03-18 09:03:37.040 [main] PackageRelationshipCollection - Parsing relationship: /xl/worksheets/_rels/sheet1.xml.rels
[DEBUG] 2024-03-18 09:03:37.042 [main] PackageRelationshipCollection - Parsing relationship: /_rels/.rels
[DEBUG] 2024-03-18 09:03:37.063 [main] POIXMLFactory - using default POIXMLDocumentPart for http://schemas.openxmlformats.org/officeDocument/2006/relationships/printerSettings
[DEBUG] 2024-03-18 09:03:37.093 [main] PackageRelationshipCollection - Parsing relationship: /xl/_rels/workbook.xml.rels
[DEBUG] 2024-03-18 09:03:37.095 [main] PackageRelationshipCollection - Parsing relationship: /xl/worksheets/_rels/sheet1.xml.rels
[DEBUG] 2024-03-18 09:03:37.096 [main] PackageRelationshipCollection - Parsing relationship: /_rels/.rels
[DEBUG] 2024-03-18 09:03:37.114 [main] POIXMLFactory - using default POIXMLDocumentPart for http://schemas.openxmlformats.org/officeDocument/2006/relationships/printerSettings
[DEBUG] 2024-03-18 09:03:37.137 [main] PackageRelationshipCollection - Parsing relationship: /xl/_rels/workbook.xml.rels
[DEBUG] 2024-03-18 09:03:37.139 [main] PackageRelationshipCollection - Parsing relationship: /xl/worksheets/_rels/sheet1.xml.rels
[DEBUG] 2024-03-18 09:03:37.141 [main] PackageRelationshipCollection - Parsing relationship: /_rels/.rels
[DEBUG] 2024-03-18 09:03:37.161 [main] POIXMLFactory - using default POIXMLDocumentPart for http://schemas.openxmlformats.org/officeDocument/2006/relationships/printerSettings
[DEBUG] 2024-03-18 09:03:37.199 [main] PackageRelationshipCollection - Parsing relationship: /xl/_rels/workbook.xml.rels
[DEBUG] 2024-03-18 09:03:37.206 [main] PackageRelationshipCollection - Parsing relationship: /xl/worksheets/_rels/sheet1.xml.rels
[DEBUG] 2024-03-18 09:03:37.207 [main] PackageRelationshipCollection - Parsing relationship: /_rels/.rels
[DEBUG] 2024-03-18 09:03:37.230 [main] POIXMLFactory - using default POIXMLDocumentPart for http://schemas.openxmlformats.org/officeDocument/2006/relationships/printerSettings
[DEBUG] 2024-03-18 09:03:37.263 [main] PackageRelationshipCollection - Parsing relationship: /xl/_rels/workbook.xml.rels
[DEBUG] 2024-03-18 09:03:37.264 [main] PackageRelationshipCollection - Parsing relationship: /xl/worksheets/_rels/sheet1.xml.rels
[DEBUG] 2024-03-18 09:03:37.266 [main] PackageRelationshipCollection - Parsing relationship: /_rels/.rels
[DEBUG] 2024-03-18 09:03:37.283 [main] POIXMLFactory - using default POIXMLDocumentPart for http://schemas.openxmlformats.org/officeDocument/2006/relationships/printerSettings
[DEBUG] 2024-03-18 09:03:37.313 [main] PackageRelationshipCollection - Parsing relationship: /xl/_rels/workbook.xml.rels
[DEBUG] 2024-03-18 09:03:37.315 [main] PackageRelationshipCollection - Parsing relationship: /xl/worksheets/_rels/sheet1.xml.rels
[DEBUG] 2024-03-18 09:03:37.316 [main] PackageRelationshipCollection - Parsing relationship: /_rels/.rels
[DEBUG] 2024-03-18 09:03:37.336 [main] POIXMLFactory - using default POIXMLDocumentPart for http://schemas.openxmlformats.org/officeDocument/2006/relationships/printerSettings
[DEBUG] 2024-03-18 09:03:37.367 [main] PackageRelationshipCollection - Parsing relationship: /xl/_rels/workbook.xml.rels
[DEBUG] 2024-03-18 09:03:37.368 [main] PackageRelationshipCollection - Parsing relationship: /xl/worksheets/_rels/sheet1.xml.rels
[DEBUG] 2024-03-18 09:03:37.370 [main] PackageRelationshipCollection - Parsing relationship: /_rels/.rels
[DEBUG] 2024-03-18 09:03:37.428 [main] POIXMLFactory - using default POIXMLDocumentPart for http://schemas.openxmlformats.org/officeDocument/2006/relationships/printerSettings
[DEBUG] 2024-03-18 09:03:37.455 [main] PackageRelationshipCollection - Parsing relationship: /xl/_rels/workbook.xml.rels
[DEBUG] 2024-03-18 09:03:37.457 [main] PackageRelationshipCollection - Parsing relationship: /xl/worksheets/_rels/sheet1.xml.rels
[DEBUG] 2024-03-18 09:03:37.463 [main] PackageRelationshipCollection - Parsing relationship: /_rels/.rels
[DEBUG] 2024-03-18 09:03:37.477 [main] POIXMLFactory - using default POIXMLDocumentPart for http://schemas.openxmlformats.org/officeDocument/2006/relationships/printerSettings
[DEBUG] 2024-03-18 09:03:37.528 [main] PackageRelationshipCollection - Parsing relationship: /xl/_rels/workbook.xml.rels
[DEBUG] 2024-03-18 09:03:37.531 [main] PackageRelationshipCollection - Parsing relationship: /xl/worksheets/_rels/sheet1.xml.rels
[DEBUG] 2024-03-18 09:03:37.532 [main] PackageRelationshipCollection - Parsing relationship: /_rels/.rels
[DEBUG] 2024-03-18 09:03:37.581 [main] POIXMLFactory - using default POIXMLDocumentPart for http://schemas.openxmlformats.org/officeDocument/2006/relationships/printerSettings
[DEBUG] 2024-03-18 09:03:37.616 [main] PackageRelationshipCollection - Parsing relationship: /xl/_rels/workbook.xml.rels
[DEBUG] 2024-03-18 09:03:37.619 [main] PackageRelationshipCollection - Parsing relationship: /xl/worksheets/_rels/sheet1.xml.rels
[DEBUG] 2024-03-18 09:03:37.620 [main] PackageRelationshipCollection - Parsing relationship: /_rels/.rels
[DEBUG] 2024-03-18 09:03:37.634 [main] POIXMLFactory - using default POIXMLDocumentPart for http://schemas.openxmlformats.org/officeDocument/2006/relationships/printerSettings
[DEBUG] 2024-03-18 09:03:37.655 [main] PackageRelationshipCollection - Parsing relationship: /xl/_rels/workbook.xml.rels
[DEBUG] 2024-03-18 09:03:37.657 [main] PackageRelationshipCollection - Parsing relationship: /xl/worksheets/_rels/sheet1.xml.rels
[DEBUG] 2024-03-18 09:03:37.660 [main] PackageRelationshipCollection - Parsing relationship: /_rels/.rels
[DEBUG] 2024-03-18 09:03:37.675 [main] POIXMLFactory - using default POIXMLDocumentPart for http://schemas.openxmlformats.org/officeDocument/2006/relationships/printerSettings
[DEBUG] 2024-03-18 09:03:37.701 [main] PackageRelationshipCollection - Parsing relationship: /xl/_rels/workbook.xml.rels
[DEBUG] 2024-03-18 09:03:37.702 [main] PackageRelationshipCollection - Parsing relationship: /xl/worksheets/_rels/sheet1.xml.rels
[DEBUG] 2024-03-18 09:03:37.703 [main] PackageRelationshipCollection - Parsing relationship: /_rels/.rels
[DEBUG] 2024-03-18 09:03:37.722 [main] POIXMLFactory - using default POIXMLDocumentPart for http://schemas.openxmlformats.org/officeDocument/2006/relationships/printerSettings
[DEBUG] 2024-03-18 09:03:37.751 [main] PackageRelationshipCollection - Parsing relationship: /xl/_rels/workbook.xml.rels
[DEBUG] 2024-03-18 09:03:37.761 [main] PackageRelationshipCollection - Parsing relationship: /xl/worksheets/_rels/sheet1.xml.rels
[DEBUG] 2024-03-18 09:03:37.762 [main] PackageRelationshipCollection - Parsing relationship: /_rels/.rels
[DEBUG] 2024-03-18 09:03:37.776 [main] POIXMLFactory - using default POIXMLDocumentPart for http://schemas.openxmlformats.org/officeDocument/2006/relationships/printerSettings
[DEBUG] 2024-03-18 09:03:37.811 [main] PackageRelationshipCollection - Parsing relationship: /xl/_rels/workbook.xml.rels
[DEBUG] 2024-03-18 09:03:37.813 [main] PackageRelationshipCollection - Parsing relationship: /xl/worksheets/_rels/sheet1.xml.rels
[DEBUG] 2024-03-18 09:03:37.814 [main] PackageRelationshipCollection - Parsing relationship: /_rels/.rels
[DEBUG] 2024-03-18 09:03:37.829 [main] POIXMLFactory - using default POIXMLDocumentPart for http://schemas.openxmlformats.org/officeDocument/2006/relationships/printerSettings
[DEBUG] 2024-03-18 09:03:37.864 [main] PackageRelationshipCollection - Parsing relationship: /xl/_rels/workbook.xml.rels
[DEBUG] 2024-03-18 09:03:37.866 [main] PackageRelationshipCollection - Parsing relationship: /xl/worksheets/_rels/sheet1.xml.rels
[DEBUG] 2024-03-18 09:03:37.867 [main] PackageRelationshipCollection - Parsing relationship: /_rels/.rels
[DEBUG] 2024-03-18 09:03:37.883 [main] POIXMLFactory - using default POIXMLDocumentPart for http://schemas.openxmlformats.org/officeDocument/2006/relationships/printerSettings
[DEBUG] 2024-03-18 09:03:37.923 [main] PackageRelationshipCollection - Parsing relationship: /xl/_rels/workbook.xml.rels
[DEBUG] 2024-03-18 09:03:37.925 [main] PackageRelationshipCollection - Parsing relationship: /xl/worksheets/_rels/sheet1.xml.rels
[DEBUG] 2024-03-18 09:03:37.926 [main] PackageRelationshipCollection - Parsing relationship: /_rels/.rels
[DEBUG] 2024-03-18 09:03:37.945 [main] POIXMLFactory - using default POIXMLDocumentPart for http://schemas.openxmlformats.org/officeDocument/2006/relationships/printerSettings
[DEBUG] 2024-03-18 09:03:37.970 [main] PackageRelationshipCollection - Parsing relationship: /xl/_rels/workbook.xml.rels
[DEBUG] 2024-03-18 09:03:37.971 [main] PackageRelationshipCollection - Parsing relationship: /xl/worksheets/_rels/sheet1.xml.rels
[DEBUG] 2024-03-18 09:03:37.973 [main] PackageRelationshipCollection - Parsing relationship: /_rels/.rels
[DEBUG] 2024-03-18 09:03:37.992 [main] POIXMLFactory - using default POIXMLDocumentPart for http://schemas.openxmlformats.org/officeDocument/2006/relationships/printerSettings
[DEBUG] 2024-03-18 09:03:47.341 [main] PackageRelationshipCollection - Parsing relationship: /xl/_rels/workbook.xml.rels
[DEBUG] 2024-03-18 09:03:47.342 [main] PackageRelationshipCollection - Parsing relationship: /xl/worksheets/_rels/sheet1.xml.rels
[DEBUG] 2024-03-18 09:03:47.343 [main] PackageRelationshipCollection - Parsing relationship: /_rels/.rels
[DEBUG] 2024-03-18 09:03:47.354 [main] POIXMLFactory - using default POIXMLDocumentPart for http://schemas.openxmlformats.org/officeDocument/2006/relationships/printerSettings
[DEBUG] 2024-03-18 09:03:47.372 [main] PackageRelationshipCollection - Parsing relationship: /xl/_rels/workbook.xml.rels
[DEBUG] 2024-03-18 09:03:47.373 [main] PackageRelationshipCollection - Parsing relationship: /xl/worksheets/_rels/sheet1.xml.rels
[DEBUG] 2024-03-18 09:03:47.375 [main] PackageRelationshipCollection - Parsing relationship: /_rels/.rels
[DEBUG] 2024-03-18 09:03:47.385 [main] POIXMLFactory - using default POIXMLDocumentPart for http://schemas.openxmlformats.org/officeDocument/2006/relationships/printerSettings
[DEBUG] 2024-03-18 09:03:47.407 [main] PackageRelationshipCollection - Parsing relationship: /xl/_rels/workbook.xml.rels
[DEBUG] 2024-03-18 09:03:47.409 [main] PackageRelationshipCollection - Parsing relationship: /xl/worksheets/_rels/sheet1.xml.rels
[DEBUG] 2024-03-18 09:03:47.410 [main] PackageRelationshipCollection - Parsing relationship: /_rels/.rels
[DEBUG] 2024-03-18 09:03:47.432 [main] POIXMLFactory - using default POIXMLDocumentPart for http://schemas.openxmlformats.org/officeDocument/2006/relationships/printerSettings
[DEBUG] 2024-03-18 09:03:47.529 [main] PackageRelationshipCollection - Parsing relationship: /xl/_rels/workbook.xml.rels
[DEBUG] 2024-03-18 09:03:47.530 [main] PackageRelationshipCollection - Parsing relationship: /xl/worksheets/_rels/sheet1.xml.rels
[DEBUG] 2024-03-18 09:03:47.531 [main] PackageRelationshipCollection - Parsing relationship: /_rels/.rels
[DEBUG] 2024-03-18 09:03:47.542 [main] POIXMLFactory - using default POIXMLDocumentPart for http://schemas.openxmlformats.org/officeDocument/2006/relationships/printerSettings
[INFO ] 2024-03-18 09:03:52.536 [main] UserTests2 - **************creating user ****************
[INFO ] 2024-03-18 09:03:53.950 [main] UserTests2 - **************user is created****************
[INFO ] 2024-03-18 09:03:53.956 [main] UserTests2 - **************reading user information ****************
[INFO ] 2024-03-18 09:03:55.230 [main] UserTests2 - ************** user info is displayed ****************
[INFO ] 2024-03-18 09:03:55.234 [main] UserTests2 - **************user updating ****************
[INFO ] 2024-03-18 09:03:56.470 [main] UserTests2 - ************** user is updated ****************
[INFO ] 2024-03-18 09:03:57.674 [main] UserTests2 - **************deleting user ****************
[INFO ] 2024-03-18 09:03:58.927 [main] UserTests2 - ************** user deleted****************
[INFO ] 2024-03-18 09:03:59.012 [main] UserTests - **************creating user ****************
[INFO ] 2024-03-18 09:04:00.340 [main] UserTests - **************user is created****************
[INFO ] 2024-03-18 09:04:00.344 [main] UserTests - **************reading user information ****************
[INFO ] 2024-03-18 09:04:01.655 [main] UserTests - ************** user info is displayed ****************
[INFO ] 2024-03-18 09:04:01.659 [main] UserTests - **************user updating ****************
[INFO ] 2024-03-18 09:04:02.922 [main] UserTests - ************** user is updated ****************
[INFO ] 2024-03-18 09:04:04.170 [main] UserTests - **************deleting user ****************
[INFO ] 2024-03-18 09:04:05.420 [main] UserTests - ************** user deleted****************
[DEBUG] 2024-03-18 09:05:58.241 [main] PackageRelationshipCollection - Parsing relationship: /xl/_rels/workbook.xml.rels
[DEBUG] 2024-03-18 09:05:58.256 [main] PackageRelationshipCollection - Parsing relationship: /xl/worksheets/_rels/sheet1.xml.rels
[DEBUG] 2024-03-18 09:05:58.258 [main] PackageRelationshipCollection - Parsing relationship: /_rels/.rels
[DEBUG] 2024-03-18 09:05:59.135 [main] POIXMLFactory - using default POIXMLDocumentPart for http://schemas.openxmlformats.org/officeDocument/2006/relationships/printerSettings
[DEBUG] 2024-03-18 09:05:59.367 [main] PackageRelationshipCollection - Parsing relationship: /xl/_rels/workbook.xml.rels
[DEBUG] 2024-03-18 09:05:59.369 [main] PackageRelationshipCollection - Parsing relationship: /xl/worksheets/_rels/sheet1.xml.rels
[DEBUG] 2024-03-18 09:05:59.372 [main] PackageRelationshipCollection - Parsing relationship: /_rels/.rels
[DEBUG] 2024-03-18 09:05:59.402 [main] POIXMLFactory - using default POIXMLDocumentPart for http://schemas.openxmlformats.org/officeDocument/2006/relationships/printerSettings
[DEBUG] 2024-03-18 09:05:59.435 [main] PackageRelationshipCollection - Parsing relationship: /xl/_rels/workbook.xml.rels
[DEBUG] 2024-03-18 09:05:59.437 [main] PackageRelationshipCollection - Parsing relationship: /xl/worksheets/_rels/sheet1.xml.rels
[DEBUG] 2024-03-18 09:05:59.440 [main] PackageRelationshipCollection - Parsing relationship: /_rels/.rels
[DEBUG] 2024-03-18 09:05:59.463 [main] POIXMLFactory - using default POIXMLDocumentPart for http://schemas.openxmlformats.org/officeDocument/2006/relationships/printerSettings
[DEBUG] 2024-03-18 09:05:59.594 [main] PackageRelationshipCollection - Parsing relationship: /xl/_rels/workbook.xml.rels
[DEBUG] 2024-03-18 09:05:59.596 [main] PackageRelationshipCollection - Parsing relationship: /xl/worksheets/_rels/sheet1.xml.rels
[DEBUG] 2024-03-18 09:05:59.598 [main] PackageRelationshipCollection - Parsing relationship: /_rels/.rels
[DEBUG] 2024-03-18 09:05:59.625 [main] POIXMLFactory - using default POIXMLDocumentPart for http://schemas.openxmlformats.org/officeDocument/2006/relationships/printerSettings
[DEBUG] 2024-03-18 09:05:59.665 [main] PackageRelationshipCollection - Parsing relationship: /xl/_rels/workbook.xml.rels
[DEBUG] 2024-03-18 09:05:59.667 [main] PackageRelationshipCollection - Parsing relationship: /xl/worksheets/_rels/sheet1.xml.rels
[DEBUG] 2024-03-18 09:05:59.669 [main] PackageRelationshipCollection - Parsing relationship: /_rels/.rels
[DEBUG] 2024-03-18 09:05:59.688 [main] POIXMLFactory - using default POIXMLDocumentPart for http://schemas.openxmlformats.org/officeDocument/2006/relationships/printerSettings
[DEBUG] 2024-03-18 09:05:59.715 [main] PackageRelationshipCollection - Parsing relationship: /xl/_rels/workbook.xml.rels
[DEBUG] 2024-03-18 09:05:59.716 [main] PackageRelationshipCollection - Parsing relationship: /xl/worksheets/_rels/sheet1.xml.rels
[DEBUG] 2024-03-18 09:05:59.718 [main] PackageRelationshipCollection - Parsing relationship: /_rels/.rels
[DEBUG] 2024-03-18 09:05:59.736 [main] POIXMLFactory - using default POIXMLDocumentPart for http://schemas.openxmlformats.org/officeDocument/2006/relationships/printerSettings
[DEBUG] 2024-03-18 09:05:59.763 [main] PackageRelationshipCollection - Parsing relationship: /xl/_rels/workbook.xml.rels
[DEBUG] 2024-03-18 09:05:59.765 [main] PackageRelationshipCollection - Parsing relationship: /xl/worksheets/_rels/sheet1.xml.rels
[DEBUG] 2024-03-18 09:05:59.766 [main] PackageRelationshipCollection - Parsing relationship: /_rels/.rels
[DEBUG] 2024-03-18 09:05:59.784 [main] POIXMLFactory - using default POIXMLDocumentPart for http://schemas.openxmlformats.org/officeDocument/2006/relationships/printerSettings
[DEBUG] 2024-03-18 09:05:59.817 [main] PackageRelationshipCollection - Parsing relationship: /xl/_rels/workbook.xml.rels
[DEBUG] 2024-03-18 09:05:59.819 [main] PackageRelationshipCollection - Parsing relationship: /xl/worksheets/_rels/sheet1.xml.rels
[DEBUG] 2024-03-18 09:05:59.821 [main] PackageRelationshipCollection - Parsing relationship: /_rels/.rels
[DEBUG] 2024-03-18 09:05:59.862 [main] POIXMLFactory - using default POIXMLDocumentPart for http://schemas.openxmlformats.org/officeDocument/2006/relationships/printerSettings
[DEBUG] 2024-03-18 09:05:59.891 [main] PackageRelationshipCollection - Parsing relationship: /xl/_rels/workbook.xml.rels
[DEBUG] 2024-03-18 09:05:59.892 [main] PackageRelationshipCollection - Parsing relationship: /xl/worksheets/_rels/sheet1.xml.rels
[DEBUG] 2024-03-18 09:05:59.894 [main] PackageRelationshipCollection - Parsing relationship: /_rels/.rels
[DEBUG] 2024-03-18 09:05:59.910 [main] POIXMLFactory - using default POIXMLDocumentPart for http://schemas.openxmlformats.org/officeDocument/2006/relationships/printerSettings
[DEBUG] 2024-03-18 09:05:59.947 [main] PackageRelationshipCollection - Parsing relationship: /xl/_rels/workbook.xml.rels
[DEBUG] 2024-03-18 09:05:59.948 [main] PackageRelationshipCollection - Parsing relationship: /xl/worksheets/_rels/sheet1.xml.rels
[DEBUG] 2024-03-18 09:05:59.950 [main] PackageRelationshipCollection - Parsing relationship: /_rels/.rels
[DEBUG] 2024-03-18 09:05:59.975 [main] POIXMLFactory - using default POIXMLDocumentPart for http://schemas.openxmlformats.org/officeDocument/2006/relationships/printerSettings
[DEBUG] 2024-03-18 09:06:00.002 [main] PackageRelationshipCollection - Parsing relationship: /xl/_rels/workbook.xml.rels
[DEBUG] 2024-03-18 09:06:00.004 [main] PackageRelationshipCollection - Parsing relationship: /xl/worksheets/_rels/sheet1.xml.rels
[DEBUG] 2024-03-18 09:06:00.005 [main] PackageRelationshipCollection - Parsing relationship: /_rels/.rels
[DEBUG] 2024-03-18 09:06:00.029 [main] POIXMLFactory - using default POIXMLDocumentPart for http://schemas.openxmlformats.org/officeDocument/2006/relationships/printerSettings
[DEBUG] 2024-03-18 09:06:00.058 [main] PackageRelationshipCollection - Parsing relationship: /xl/_rels/workbook.xml.rels
[DEBUG] 2024-03-18 09:06:00.060 [main] PackageRelationshipCollection - Parsing relationship: /xl/worksheets/_rels/sheet1.xml.rels
[DEBUG] 2024-03-18 09:06:00.068 [main] PackageRelationshipCollection - Parsing relationship: /_rels/.rels
[DEBUG] 2024-03-18 09:06:00.130 [main] POIXMLFactory - using default POIXMLDocumentPart for http://schemas.openxmlformats.org/officeDocument/2006/relationships/printerSettings
[DEBUG] 2024-03-18 09:06:00.174 [main] PackageRelationshipCollection - Parsing relationship: /xl/_rels/workbook.xml.rels
[DEBUG] 2024-03-18 09:06:00.176 [main] PackageRelationshipCollection - Parsing relationship: /xl/worksheets/_rels/sheet1.xml.rels
[DEBUG] 2024-03-18 09:06:00.181 [main] PackageRelationshipCollection - Parsing relationship: /_rels/.rels
[DEBUG] 2024-03-18 09:06:00.197 [main] POIXMLFactory - using default POIXMLDocumentPart for http://schemas.openxmlformats.org/officeDocument/2006/relationships/printerSettings
[DEBUG] 2024-03-18 09:06:00.216 [main] PackageRelationshipCollection - Parsing relationship: /xl/_rels/workbook.xml.rels
[DEBUG] 2024-03-18 09:06:00.218 [main] PackageRelationshipCollection - Parsing relationship: /xl/worksheets/_rels/sheet1.xml.rels
[DEBUG] 2024-03-18 09:06:00.219 [main] PackageRelationshipCollection - Parsing relationship: /_rels/.rels
[DEBUG] 2024-03-18 09:06:00.234 [main] POIXMLFactory - using default POIXMLDocumentPart for http://schemas.openxmlformats.org/officeDocument/2006/relationships/printerSettings
[DEBUG] 2024-03-18 09:06:00.253 [main] PackageRelationshipCollection - Parsing relationship: /xl/_rels/workbook.xml.rels
[DEBUG] 2024-03-18 09:06:00.254 [main] PackageRelationshipCollection - Parsing relationship: /xl/worksheets/_rels/sheet1.xml.rels
[DEBUG] 2024-03-18 09:06:00.256 [main] PackageRelationshipCollection - Parsing relationship: /_rels/.rels
[DEBUG] 2024-03-18 09:06:00.273 [main] POIXMLFactory - using default POIXMLDocumentPart for http://schemas.openxmlformats.org/officeDocument/2006/relationships/printerSettings
[DEBUG] 2024-03-18 09:06:00.305 [main] PackageRelationshipCollection - Parsing relationship: /xl/_rels/workbook.xml.rels
[DEBUG] 2024-03-18 09:06:00.306 [main] PackageRelationshipCollection - Parsing relationship: /xl/worksheets/_rels/sheet1.xml.rels
[DEBUG] 2024-03-18 09:06:00.307 [main] PackageRelationshipCollection - Parsing relationship: /_rels/.rels
[DEBUG] 2024-03-18 09:06:00.328 [main] POIXMLFactory - using default POIXMLDocumentPart for http://schemas.openxmlformats.org/officeDocument/2006/relationships/printerSettings
[DEBUG] 2024-03-18 09:06:00.347 [main] PackageRelationshipCollection - Parsing relationship: /xl/_rels/workbook.xml.rels
[DEBUG] 2024-03-18 09:06:00.348 [main] PackageRelationshipCollection - Parsing relationship: /xl/worksheets/_rels/sheet1.xml.rels
[DEBUG] 2024-03-18 09:06:00.350 [main] PackageRelationshipCollection - Parsing relationship: /_rels/.rels
[DEBUG] 2024-03-18 09:06:00.362 [main] POIXMLFactory - using default POIXMLDocumentPart for http://schemas.openxmlformats.org/officeDocument/2006/relationships/printerSettings
[DEBUG] 2024-03-18 09:06:00.384 [main] PackageRelationshipCollection - Parsing relationship: /xl/_rels/workbook.xml.rels
[DEBUG] 2024-03-18 09:06:00.385 [main] PackageRelationshipCollection - Parsing relationship: /xl/worksheets/_rels/sheet1.xml.rels
[DEBUG] 2024-03-18 09:06:00.386 [main] PackageRelationshipCollection - Parsing relationship: /_rels/.rels
[DEBUG] 2024-03-18 09:06:00.413 [main] POIXMLFactory - using default POIXMLDocumentPart for http://schemas.openxmlformats.org/officeDocument/2006/relationships/printerSettings
[DEBUG] 2024-03-18 09:06:00.430 [main] PackageRelationshipCollection - Parsing relationship: /xl/_rels/workbook.xml.rels
[DEBUG] 2024-03-18 09:06:00.431 [main] PackageRelationshipCollection - Parsing relationship: /xl/worksheets/_rels/sheet1.xml.rels
[DEBUG] 2024-03-18 09:06:00.433 [main] PackageRelationshipCollection - Parsing relationship: /_rels/.rels
[DEBUG] 2024-03-18 09:06:00.451 [main] POIXMLFactory - using default POIXMLDocumentPart for http://schemas.openxmlformats.org/officeDocument/2006/relationships/printerSettings
[DEBUG] 2024-03-18 09:06:00.471 [main] PackageRelationshipCollection - Parsing relationship: /xl/_rels/workbook.xml.rels
[DEBUG] 2024-03-18 09:06:00.472 [main] PackageRelationshipCollection - Parsing relationship: /xl/worksheets/_rels/sheet1.xml.rels
[DEBUG] 2024-03-18 09:06:00.474 [main] PackageRelationshipCollection - Parsing relationship: /_rels/.rels
[DEBUG] 2024-03-18 09:06:00.498 [main] POIXMLFactory - using default POIXMLDocumentPart for http://schemas.openxmlformats.org/officeDocument/2006/relationships/printerSettings
[DEBUG] 2024-03-18 09:06:00.517 [main] PackageRelationshipCollection - Parsing relationship: /xl/_rels/workbook.xml.rels
[DEBUG] 2024-03-18 09:06:00.519 [main] PackageRelationshipCollection - Parsing relationship: /xl/worksheets/_rels/sheet1.xml.rels
[DEBUG] 2024-03-18 09:06:00.525 [main] PackageRelationshipCollection - Parsing relationship: /_rels/.rels
[DEBUG] 2024-03-18 09:06:00.538 [main] POIXMLFactory - using default POIXMLDocumentPart for http://schemas.openxmlformats.org/officeDocument/2006/relationships/printerSettings
[DEBUG] 2024-03-18 09:06:00.558 [main] PackageRelationshipCollection - Parsing relationship: /xl/_rels/workbook.xml.rels
[DEBUG] 2024-03-18 09:06:00.559 [main] PackageRelationshipCollection - Parsing relationship: /xl/worksheets/_rels/sheet1.xml.rels
[DEBUG] 2024-03-18 09:06:00.561 [main] PackageRelationshipCollection - Parsing relationship: /_rels/.rels
[DEBUG] 2024-03-18 09:06:00.573 [main] POIXMLFactory - using default POIXMLDocumentPart for http://schemas.openxmlformats.org/officeDocument/2006/relationships/printerSettings
[DEBUG] 2024-03-18 09:06:00.590 [main] PackageRelationshipCollection - Parsing relationship: /xl/_rels/workbook.xml.rels
[DEBUG] 2024-03-18 09:06:00.591 [main] PackageRelationshipCollection - Parsing relationship: /xl/worksheets/_rels/sheet1.xml.rels
[DEBUG] 2024-03-18 09:06:00.593 [main] PackageRelationshipCollection - Parsing relationship: /_rels/.rels
[DEBUG] 2024-03-18 09:06:00.611 [main] POIXMLFactory - using default POIXMLDocumentPart for http://schemas.openxmlformats.org/officeDocument/2006/relationships/printerSettings
[DEBUG] 2024-03-18 09:06:08.377 [main] PackageRelationshipCollection - Parsing relationship: /xl/_rels/workbook.xml.rels
[DEBUG] 2024-03-18 09:06:08.378 [main] PackageRelationshipCollection - Parsing relationship: /xl/worksheets/_rels/sheet1.xml.rels
[DEBUG] 2024-03-18 09:06:08.379 [main] PackageRelationshipCollection - Parsing relationship: /_rels/.rels
[DEBUG] 2024-03-18 09:06:08.389 [main] POIXMLFactory - using default POIXMLDocumentPart for http://schemas.openxmlformats.org/officeDocument/2006/relationships/printerSettings
[DEBUG] 2024-03-18 09:06:08.402 [main] PackageRelationshipCollection - Parsing relationship: /xl/_rels/workbook.xml.rels
[DEBUG] 2024-03-18 09:06:08.404 [main] PackageRelationshipCollection - Parsing relationship: /xl/worksheets/_rels/sheet1.xml.rels
[DEBUG] 2024-03-18 09:06:08.405 [main] PackageRelationshipCollection - Parsing relationship: /_rels/.rels
[DEBUG] 2024-03-18 09:06:08.414 [main] POIXMLFactory - using default POIXMLDocumentPart for http://schemas.openxmlformats.org/officeDocument/2006/relationships/printerSettings
[DEBUG] 2024-03-18 09:06:08.460 [main] PackageRelationshipCollection - Parsing relationship: /xl/_rels/workbook.xml.rels
[DEBUG] 2024-03-18 09:06:08.461 [main] PackageRelationshipCollection - Parsing relationship: /xl/worksheets/_rels/sheet1.xml.rels
[DEBUG] 2024-03-18 09:06:08.462 [main] PackageRelationshipCollection - Parsing relationship: /_rels/.rels
[DEBUG] 2024-03-18 09:06:08.472 [main] POIXMLFactory - using default POIXMLDocumentPart for http://schemas.openxmlformats.org/officeDocument/2006/relationships/printerSettings
[DEBUG] 2024-03-18 09:06:08.491 [main] PackageRelationshipCollection - Parsing relationship: /xl/_rels/workbook.xml.rels
[DEBUG] 2024-03-18 09:06:08.492 [main] PackageRelationshipCollection - Parsing relationship: /xl/worksheets/_rels/sheet1.xml.rels
[DEBUG] 2024-03-18 09:06:08.501 [main] PackageRelationshipCollection - Parsing relationship: /_rels/.rels
[DEBUG] 2024-03-18 09:06:08.511 [main] POIXMLFactory - using default POIXMLDocumentPart for http://schemas.openxmlformats.org/officeDocument/2006/relationships/printerSettings
[INFO ] 2024-03-18 09:06:13.236 [main] UserTests2 - **************creating user ****************
[INFO ] 2024-03-18 09:06:14.743 [main] UserTests2 - **************user is created****************
[INFO ] 2024-03-18 09:06:14.747 [main] UserTests2 - **************reading user information ****************
[INFO ] 2024-03-18 09:06:16.174 [main] UserTests2 - ************** user info is displayed ****************
[INFO ] 2024-03-18 09:06:16.177 [main] UserTests2 - **************user updating ****************
[INFO ] 2024-03-18 09:06:17.612 [main] UserTests2 - ************** user is updated ****************
[INFO ] 2024-03-18 09:06:19.026 [main] UserTests2 - **************deleting user ****************
[INFO ] 2024-03-18 09:06:20.459 [main] UserTests2 - ************** user deleted****************
[INFO ] 2024-03-18 09:06:20.545 [main] UserTests - **************creating user ****************
[INFO ] 2024-03-18 09:06:21.960 [main] UserTests - **************user is created****************
[INFO ] 2024-03-18 09:06:21.962 [main] UserTests - **************reading user information ****************
[INFO ] 2024-03-18 09:06:23.431 [main] UserTests - ************** user info is displayed ****************
[INFO ] 2024-03-18 09:06:23.434 [main] UserTests - **************user updating ****************
[INFO ] 2024-03-18 09:06:24.827 [main] UserTests - ************** user is updated ****************
[INFO ] 2024-03-18 09:06:26.297 [main] UserTests - **************deleting user ****************
[INFO ] 2024-03-18 09:06:27.718 [main] UserTests - ************** user deleted****************
