[DEBUG] 2024-03-20 07:15:46.747 [main] PackageRelationshipCollection - Parsing relationship: /xl/_rels/workbook.xml.rels
[DEBUG] 2024-03-20 07:15:46.773 [main] PackageRelationshipCollection - Parsing relationship: /xl/worksheets/_rels/sheet1.xml.rels
[DEBUG] 2024-03-20 07:15:46.776 [main] PackageRelationshipCollection - Parsing relationship: /_rels/.rels
[DEBUG] 2024-03-20 07:15:47.501 [main] POIXMLFactory - using default POIXMLDocumentPart for http://schemas.openxmlformats.org/officeDocument/2006/relationships/printerSettings
[DEBUG] 2024-03-20 07:15:47.734 [main] PackageRelationshipCollection - Parsing relationship: /xl/_rels/workbook.xml.rels
[DEBUG] 2024-03-20 07:15:47.736 [main] PackageRelationshipCollection - Parsing relationship: /xl/worksheets/_rels/sheet1.xml.rels
[DEBUG] 2024-03-20 07:15:47.738 [main] PackageRelationshipCollection - Parsing relationship: /_rels/.rels
[DEBUG] 2024-03-20 07:15:47.773 [main] POIXMLFactory - using default POIXMLDocumentPart for http://schemas.openxmlformats.org/officeDocument/2006/relationships/printerSettings
[DEBUG] 2024-03-20 07:15:47.810 [main] PackageRelationshipCollection - Parsing relationship: /xl/_rels/workbook.xml.rels
[DEBUG] 2024-03-20 07:15:47.812 [main] PackageRelationshipCollection - Parsing relationship: /xl/worksheets/_rels/sheet1.xml.rels
[DEBUG] 2024-03-20 07:15:47.814 [main] PackageRelationshipCollection - Parsing relationship: /_rels/.rels
[DEBUG] 2024-03-20 07:15:47.837 [main] POIXMLFactory - using default POIXMLDocumentPart for http://schemas.openxmlformats.org/officeDocument/2006/relationships/printerSettings
[DEBUG] 2024-03-20 07:15:47.903 [main] PackageRelationshipCollection - Parsing relationship: /xl/_rels/workbook.xml.rels
[DEBUG] 2024-03-20 07:15:47.905 [main] PackageRelationshipCollection - Parsing relationship: /xl/worksheets/_rels/sheet1.xml.rels
[DEBUG] 2024-03-20 07:15:47.907 [main] PackageRelationshipCollection - Parsing relationship: /_rels/.rels
[DEBUG] 2024-03-20 07:15:47.926 [main] POIXMLFactory - using default POIXMLDocumentPart for http://schemas.openxmlformats.org/officeDocument/2006/relationships/printerSettings
[DEBUG] 2024-03-20 07:15:47.957 [main] PackageRelationshipCollection - Parsing relationship: /xl/_rels/workbook.xml.rels
[DEBUG] 2024-03-20 07:15:47.959 [main] PackageRelationshipCollection - Parsing relationship: /xl/worksheets/_rels/sheet1.xml.rels
[DEBUG] 2024-03-20 07:15:47.962 [main] PackageRelationshipCollection - Parsing relationship: /_rels/.rels
[DEBUG] 2024-03-20 07:15:47.980 [main] POIXMLFactory - using default POIXMLDocumentPart for http://schemas.openxmlformats.org/officeDocument/2006/relationships/printerSettings
[DEBUG] 2024-03-20 07:15:48.009 [main] PackageRelationshipCollection - Parsing relationship: /xl/_rels/workbook.xml.rels
[DEBUG] 2024-03-20 07:15:48.010 [main] PackageRelationshipCollection - Parsing relationship: /xl/worksheets/_rels/sheet1.xml.rels
[DEBUG] 2024-03-20 07:15:48.013 [main] PackageRelationshipCollection - Parsing relationship: /_rels/.rels
[DEBUG] 2024-03-20 07:15:48.030 [main] POIXMLFactory - using default POIXMLDocumentPart for http://schemas.openxmlformats.org/officeDocument/2006/relationships/printerSettings
[DEBUG] 2024-03-20 07:15:48.059 [main] PackageRelationshipCollection - Parsing relationship: /xl/_rels/workbook.xml.rels
[DEBUG] 2024-03-20 07:15:48.061 [main] PackageRelationshipCollection - Parsing relationship: /xl/worksheets/_rels/sheet1.xml.rels
[DEBUG] 2024-03-20 07:15:48.063 [main] PackageRelationshipCollection - Parsing relationship: /_rels/.rels
[DEBUG] 2024-03-20 07:15:48.080 [main] POIXMLFactory - using default POIXMLDocumentPart for http://schemas.openxmlformats.org/officeDocument/2006/relationships/printerSettings
[DEBUG] 2024-03-20 07:15:48.104 [main] PackageRelationshipCollection - Parsing relationship: /xl/_rels/workbook.xml.rels
[DEBUG] 2024-03-20 07:15:48.105 [main] PackageRelationshipCollection - Parsing relationship: /xl/worksheets/_rels/sheet1.xml.rels
[DEBUG] 2024-03-20 07:15:48.106 [main] PackageRelationshipCollection - Parsing relationship: /_rels/.rels
[DEBUG] 2024-03-20 07:15:48.123 [main] POIXMLFactory - using default POIXMLDocumentPart for http://schemas.openxmlformats.org/officeDocument/2006/relationships/printerSettings
[DEBUG] 2024-03-20 07:15:48.148 [main] PackageRelationshipCollection - Parsing relationship: /xl/_rels/workbook.xml.rels
[DEBUG] 2024-03-20 07:15:48.149 [main] PackageRelationshipCollection - Parsing relationship: /xl/worksheets/_rels/sheet1.xml.rels
[DEBUG] 2024-03-20 07:15:48.151 [main] PackageRelationshipCollection - Parsing relationship: /_rels/.rels
[DEBUG] 2024-03-20 07:15:48.166 [main] POIXMLFactory - using default POIXMLDocumentPart for http://schemas.openxmlformats.org/officeDocument/2006/relationships/printerSettings
[DEBUG] 2024-03-20 07:15:48.192 [main] PackageRelationshipCollection - Parsing relationship: /xl/_rels/workbook.xml.rels
[DEBUG] 2024-03-20 07:15:48.194 [main] PackageRelationshipCollection - Parsing relationship: /xl/worksheets/_rels/sheet1.xml.rels
[DEBUG] 2024-03-20 07:15:48.196 [main] PackageRelationshipCollection - Parsing relationship: /_rels/.rels
[DEBUG] 2024-03-20 07:15:48.214 [main] POIXMLFactory - using default POIXMLDocumentPart for http://schemas.openxmlformats.org/officeDocument/2006/relationships/printerSettings
[DEBUG] 2024-03-20 07:15:48.235 [main] PackageRelationshipCollection - Parsing relationship: /xl/_rels/workbook.xml.rels
[DEBUG] 2024-03-20 07:15:48.237 [main] PackageRelationshipCollection - Parsing relationship: /xl/worksheets/_rels/sheet1.xml.rels
[DEBUG] 2024-03-20 07:15:48.238 [main] PackageRelationshipCollection - Parsing relationship: /_rels/.rels
[DEBUG] 2024-03-20 07:15:48.255 [main] POIXMLFactory - using default POIXMLDocumentPart for http://schemas.openxmlformats.org/officeDocument/2006/relationships/printerSettings
[DEBUG] 2024-03-20 07:15:48.277 [main] PackageRelationshipCollection - Parsing relationship: /xl/_rels/workbook.xml.rels
[DEBUG] 2024-03-20 07:15:48.278 [main] PackageRelationshipCollection - Parsing relationship: /xl/worksheets/_rels/sheet1.xml.rels
[DEBUG] 2024-03-20 07:15:48.279 [main] PackageRelationshipCollection - Parsing relationship: /_rels/.rels
[DEBUG] 2024-03-20 07:15:48.293 [main] POIXMLFactory - using default POIXMLDocumentPart for http://schemas.openxmlformats.org/officeDocument/2006/relationships/printerSettings
[DEBUG] 2024-03-20 07:15:48.313 [main] PackageRelationshipCollection - Parsing relationship: /xl/_rels/workbook.xml.rels
[DEBUG] 2024-03-20 07:15:48.315 [main] PackageRelationshipCollection - Parsing relationship: /xl/worksheets/_rels/sheet1.xml.rels
[DEBUG] 2024-03-20 07:15:48.316 [main] PackageRelationshipCollection - Parsing relationship: /_rels/.rels
[DEBUG] 2024-03-20 07:15:48.332 [main] POIXMLFactory - using default POIXMLDocumentPart for http://schemas.openxmlformats.org/officeDocument/2006/relationships/printerSettings
[DEBUG] 2024-03-20 07:15:48.358 [main] PackageRelationshipCollection - Parsing relationship: /xl/_rels/workbook.xml.rels
[DEBUG] 2024-03-20 07:15:48.359 [main] PackageRelationshipCollection - Parsing relationship: /xl/worksheets/_rels/sheet1.xml.rels
[DEBUG] 2024-03-20 07:15:48.362 [main] PackageRelationshipCollection - Parsing relationship: /_rels/.rels
[DEBUG] 2024-03-20 07:15:48.379 [main] POIXMLFactory - using default POIXMLDocumentPart for http://schemas.openxmlformats.org/officeDocument/2006/relationships/printerSettings
[DEBUG] 2024-03-20 07:15:48.405 [main] PackageRelationshipCollection - Parsing relationship: /xl/_rels/workbook.xml.rels
[DEBUG] 2024-03-20 07:15:48.406 [main] PackageRelationshipCollection - Parsing relationship: /xl/worksheets/_rels/sheet1.xml.rels
[DEBUG] 2024-03-20 07:15:48.408 [main] PackageRelationshipCollection - Parsing relationship: /_rels/.rels
[DEBUG] 2024-03-20 07:15:48.421 [main] POIXMLFactory - using default POIXMLDocumentPart for http://schemas.openxmlformats.org/officeDocument/2006/relationships/printerSettings
[DEBUG] 2024-03-20 07:15:48.440 [main] PackageRelationshipCollection - Parsing relationship: /xl/_rels/workbook.xml.rels
[DEBUG] 2024-03-20 07:15:48.442 [main] PackageRelationshipCollection - Parsing relationship: /xl/worksheets/_rels/sheet1.xml.rels
[DEBUG] 2024-03-20 07:15:48.443 [main] PackageRelationshipCollection - Parsing relationship: /_rels/.rels
[DEBUG] 2024-03-20 07:15:48.458 [main] POIXMLFactory - using default POIXMLDocumentPart for http://schemas.openxmlformats.org/officeDocument/2006/relationships/printerSettings
[DEBUG] 2024-03-20 07:15:48.479 [main] PackageRelationshipCollection - Parsing relationship: /xl/_rels/workbook.xml.rels
[DEBUG] 2024-03-20 07:15:48.480 [main] PackageRelationshipCollection - Parsing relationship: /xl/worksheets/_rels/sheet1.xml.rels
[DEBUG] 2024-03-20 07:15:48.482 [main] PackageRelationshipCollection - Parsing relationship: /_rels/.rels
[DEBUG] 2024-03-20 07:15:48.493 [main] POIXMLFactory - using default POIXMLDocumentPart for http://schemas.openxmlformats.org/officeDocument/2006/relationships/printerSettings
[DEBUG] 2024-03-20 07:15:48.514 [main] PackageRelationshipCollection - Parsing relationship: /xl/_rels/workbook.xml.rels
[DEBUG] 2024-03-20 07:15:48.515 [main] PackageRelationshipCollection - Parsing relationship: /xl/worksheets/_rels/sheet1.xml.rels
[DEBUG] 2024-03-20 07:15:48.516 [main] PackageRelationshipCollection - Parsing relationship: /_rels/.rels
[DEBUG] 2024-03-20 07:15:48.530 [main] POIXMLFactory - using default POIXMLDocumentPart for http://schemas.openxmlformats.org/officeDocument/2006/relationships/printerSettings
[DEBUG] 2024-03-20 07:15:48.553 [main] PackageRelationshipCollection - Parsing relationship: /xl/_rels/workbook.xml.rels
[DEBUG] 2024-03-20 07:15:48.554 [main] PackageRelationshipCollection - Parsing relationship: /xl/worksheets/_rels/sheet1.xml.rels
[DEBUG] 2024-03-20 07:15:48.556 [main] PackageRelationshipCollection - Parsing relationship: /_rels/.rels
[DEBUG] 2024-03-20 07:15:48.568 [main] POIXMLFactory - using default POIXMLDocumentPart for http://schemas.openxmlformats.org/officeDocument/2006/relationships/printerSettings
[DEBUG] 2024-03-20 07:15:48.588 [main] PackageRelationshipCollection - Parsing relationship: /xl/_rels/workbook.xml.rels
[DEBUG] 2024-03-20 07:15:48.589 [main] PackageRelationshipCollection - Parsing relationship: /xl/worksheets/_rels/sheet1.xml.rels
[DEBUG] 2024-03-20 07:15:48.591 [main] PackageRelationshipCollection - Parsing relationship: /_rels/.rels
[DEBUG] 2024-03-20 07:15:48.603 [main] POIXMLFactory - using default POIXMLDocumentPart for http://schemas.openxmlformats.org/officeDocument/2006/relationships/printerSettings
[DEBUG] 2024-03-20 07:15:48.629 [main] PackageRelationshipCollection - Parsing relationship: /xl/_rels/workbook.xml.rels
[DEBUG] 2024-03-20 07:15:48.630 [main] PackageRelationshipCollection - Parsing relationship: /xl/worksheets/_rels/sheet1.xml.rels
[DEBUG] 2024-03-20 07:15:48.631 [main] PackageRelationshipCollection - Parsing relationship: /_rels/.rels
[DEBUG] 2024-03-20 07:15:48.642 [main] POIXMLFactory - using default POIXMLDocumentPart for http://schemas.openxmlformats.org/officeDocument/2006/relationships/printerSettings
[DEBUG] 2024-03-20 07:15:48.659 [main] PackageRelationshipCollection - Parsing relationship: /xl/_rels/workbook.xml.rels
[DEBUG] 2024-03-20 07:15:48.660 [main] PackageRelationshipCollection - Parsing relationship: /xl/worksheets/_rels/sheet1.xml.rels
[DEBUG] 2024-03-20 07:15:48.663 [main] PackageRelationshipCollection - Parsing relationship: /_rels/.rels
[DEBUG] 2024-03-20 07:15:48.674 [main] POIXMLFactory - using default POIXMLDocumentPart for http://schemas.openxmlformats.org/officeDocument/2006/relationships/printerSettings
[DEBUG] 2024-03-20 07:15:48.691 [main] PackageRelationshipCollection - Parsing relationship: /xl/_rels/workbook.xml.rels
[DEBUG] 2024-03-20 07:15:48.693 [main] PackageRelationshipCollection - Parsing relationship: /xl/worksheets/_rels/sheet1.xml.rels
[DEBUG] 2024-03-20 07:15:48.695 [main] PackageRelationshipCollection - Parsing relationship: /_rels/.rels
[DEBUG] 2024-03-20 07:15:48.705 [main] POIXMLFactory - using default POIXMLDocumentPart for http://schemas.openxmlformats.org/officeDocument/2006/relationships/printerSettings
[DEBUG] 2024-03-20 07:15:56.208 [main] PackageRelationshipCollection - Parsing relationship: /xl/_rels/workbook.xml.rels
[DEBUG] 2024-03-20 07:15:56.210 [main] PackageRelationshipCollection - Parsing relationship: /xl/worksheets/_rels/sheet1.xml.rels
[DEBUG] 2024-03-20 07:15:56.212 [main] PackageRelationshipCollection - Parsing relationship: /_rels/.rels
[DEBUG] 2024-03-20 07:15:56.227 [main] POIXMLFactory - using default POIXMLDocumentPart for http://schemas.openxmlformats.org/officeDocument/2006/relationships/printerSettings
[DEBUG] 2024-03-20 07:15:56.246 [main] PackageRelationshipCollection - Parsing relationship: /xl/_rels/workbook.xml.rels
[DEBUG] 2024-03-20 07:15:56.247 [main] PackageRelationshipCollection - Parsing relationship: /xl/worksheets/_rels/sheet1.xml.rels
[DEBUG] 2024-03-20 07:15:56.248 [main] PackageRelationshipCollection - Parsing relationship: /_rels/.rels
[DEBUG] 2024-03-20 07:15:56.258 [main] POIXMLFactory - using default POIXMLDocumentPart for http://schemas.openxmlformats.org/officeDocument/2006/relationships/printerSettings
[DEBUG] 2024-03-20 07:15:56.275 [main] PackageRelationshipCollection - Parsing relationship: /xl/_rels/workbook.xml.rels
[DEBUG] 2024-03-20 07:15:56.276 [main] PackageRelationshipCollection - Parsing relationship: /xl/worksheets/_rels/sheet1.xml.rels
[DEBUG] 2024-03-20 07:15:56.278 [main] PackageRelationshipCollection - Parsing relationship: /_rels/.rels
[DEBUG] 2024-03-20 07:15:56.289 [main] POIXMLFactory - using default POIXMLDocumentPart for http://schemas.openxmlformats.org/officeDocument/2006/relationships/printerSettings
[DEBUG] 2024-03-20 07:15:56.303 [main] PackageRelationshipCollection - Parsing relationship: /xl/_rels/workbook.xml.rels
[DEBUG] 2024-03-20 07:15:56.305 [main] PackageRelationshipCollection - Parsing relationship: /xl/worksheets/_rels/sheet1.xml.rels
[DEBUG] 2024-03-20 07:15:56.306 [main] PackageRelationshipCollection - Parsing relationship: /_rels/.rels
[DEBUG] 2024-03-20 07:15:56.317 [main] POIXMLFactory - using default POIXMLDocumentPart for http://schemas.openxmlformats.org/officeDocument/2006/relationships/printerSettings
[INFO ] 2024-03-20 07:16:01.122 [main] UserTests2 - **************creating user ****************
[INFO ] 2024-03-20 07:16:02.630 [main] UserTests2 - **************user is created****************
[INFO ] 2024-03-20 07:16:02.637 [main] UserTests2 - **************reading user information ****************
[INFO ] 2024-03-20 07:16:04.105 [main] UserTests2 - ************** user info is displayed ****************
[INFO ] 2024-03-20 07:16:04.123 [main] UserTests2 - **************user updating ****************
[INFO ] 2024-03-20 07:16:05.588 [main] UserTests2 - ************** user is updated ****************
[INFO ] 2024-03-20 07:16:07.026 [main] UserTests2 - **************deleting user ****************
[INFO ] 2024-03-20 07:16:08.513 [main] UserTests2 - ************** user deleted****************
[INFO ] 2024-03-20 07:16:08.629 [main] UserTests - **************creating user ****************
[INFO ] 2024-03-20 07:16:10.092 [main] UserTests - **************user is created****************
[INFO ] 2024-03-20 07:16:10.096 [main] UserTests - **************reading user information ****************
[INFO ] 2024-03-20 07:16:11.483 [main] UserTests - ************** user info is displayed ****************
[INFO ] 2024-03-20 07:16:11.487 [main] UserTests - **************user updating ****************
[INFO ] 2024-03-20 07:16:12.940 [main] UserTests - ************** user is updated ****************
[INFO ] 2024-03-20 07:16:14.393 [main] UserTests - **************deleting user ****************
[INFO ] 2024-03-20 07:16:15.843 [main] UserTests - ************** user deleted****************
[DEBUG] 2024-03-20 07:18:39.281 [main] PackageRelationshipCollection - Parsing relationship: /xl/_rels/workbook.xml.rels
[DEBUG] 2024-03-20 07:18:39.290 [main] PackageRelationshipCollection - Parsing relationship: /xl/worksheets/_rels/sheet1.xml.rels
[DEBUG] 2024-03-20 07:18:39.293 [main] PackageRelationshipCollection - Parsing relationship: /_rels/.rels
[DEBUG] 2024-03-20 07:18:39.923 [main] POIXMLFactory - using default POIXMLDocumentPart for http://schemas.openxmlformats.org/officeDocument/2006/relationships/printerSettings
[DEBUG] 2024-03-20 07:18:40.138 [main] PackageRelationshipCollection - Parsing relationship: /xl/_rels/workbook.xml.rels
[DEBUG] 2024-03-20 07:18:40.140 [main] PackageRelationshipCollection - Parsing relationship: /xl/worksheets/_rels/sheet1.xml.rels
[DEBUG] 2024-03-20 07:18:40.143 [main] PackageRelationshipCollection - Parsing relationship: /_rels/.rels
[DEBUG] 2024-03-20 07:18:40.171 [main] POIXMLFactory - using default POIXMLDocumentPart for http://schemas.openxmlformats.org/officeDocument/2006/relationships/printerSettings
[DEBUG] 2024-03-20 07:18:40.209 [main] PackageRelationshipCollection - Parsing relationship: /xl/_rels/workbook.xml.rels
[DEBUG] 2024-03-20 07:18:40.212 [main] PackageRelationshipCollection - Parsing relationship: /xl/worksheets/_rels/sheet1.xml.rels
[DEBUG] 2024-03-20 07:18:40.214 [main] PackageRelationshipCollection - Parsing relationship: /_rels/.rels
[DEBUG] 2024-03-20 07:18:40.236 [main] POIXMLFactory - using default POIXMLDocumentPart for http://schemas.openxmlformats.org/officeDocument/2006/relationships/printerSettings
[DEBUG] 2024-03-20 07:18:40.296 [main] PackageRelationshipCollection - Parsing relationship: /xl/_rels/workbook.xml.rels
[DEBUG] 2024-03-20 07:18:40.298 [main] PackageRelationshipCollection - Parsing relationship: /xl/worksheets/_rels/sheet1.xml.rels
[DEBUG] 2024-03-20 07:18:40.300 [main] PackageRelationshipCollection - Parsing relationship: /_rels/.rels
[DEBUG] 2024-03-20 07:18:40.320 [main] POIXMLFactory - using default POIXMLDocumentPart for http://schemas.openxmlformats.org/officeDocument/2006/relationships/printerSettings
[DEBUG] 2024-03-20 07:18:40.357 [main] PackageRelationshipCollection - Parsing relationship: /xl/_rels/workbook.xml.rels
[DEBUG] 2024-03-20 07:18:40.359 [main] PackageRelationshipCollection - Parsing relationship: /xl/worksheets/_rels/sheet1.xml.rels
[DEBUG] 2024-03-20 07:18:40.361 [main] PackageRelationshipCollection - Parsing relationship: /_rels/.rels
[DEBUG] 2024-03-20 07:18:40.382 [main] POIXMLFactory - using default POIXMLDocumentPart for http://schemas.openxmlformats.org/officeDocument/2006/relationships/printerSettings
[DEBUG] 2024-03-20 07:18:40.411 [main] PackageRelationshipCollection - Parsing relationship: /xl/_rels/workbook.xml.rels
[DEBUG] 2024-03-20 07:18:40.414 [main] PackageRelationshipCollection - Parsing relationship: /xl/worksheets/_rels/sheet1.xml.rels
[DEBUG] 2024-03-20 07:18:40.416 [main] PackageRelationshipCollection - Parsing relationship: /_rels/.rels
[DEBUG] 2024-03-20 07:18:40.434 [main] POIXMLFactory - using default POIXMLDocumentPart for http://schemas.openxmlformats.org/officeDocument/2006/relationships/printerSettings
[DEBUG] 2024-03-20 07:18:40.461 [main] PackageRelationshipCollection - Parsing relationship: /xl/_rels/workbook.xml.rels
[DEBUG] 2024-03-20 07:18:40.463 [main] PackageRelationshipCollection - Parsing relationship: /xl/worksheets/_rels/sheet1.xml.rels
[DEBUG] 2024-03-20 07:18:40.465 [main] PackageRelationshipCollection - Parsing relationship: /_rels/.rels
[DEBUG] 2024-03-20 07:18:40.482 [main] POIXMLFactory - using default POIXMLDocumentPart for http://schemas.openxmlformats.org/officeDocument/2006/relationships/printerSettings
[DEBUG] 2024-03-20 07:18:40.507 [main] PackageRelationshipCollection - Parsing relationship: /xl/_rels/workbook.xml.rels
[DEBUG] 2024-03-20 07:18:40.509 [main] PackageRelationshipCollection - Parsing relationship: /xl/worksheets/_rels/sheet1.xml.rels
[DEBUG] 2024-03-20 07:18:40.510 [main] PackageRelationshipCollection - Parsing relationship: /_rels/.rels
[DEBUG] 2024-03-20 07:18:40.527 [main] POIXMLFactory - using default POIXMLDocumentPart for http://schemas.openxmlformats.org/officeDocument/2006/relationships/printerSettings
[DEBUG] 2024-03-20 07:18:40.550 [main] PackageRelationshipCollection - Parsing relationship: /xl/_rels/workbook.xml.rels
[DEBUG] 2024-03-20 07:18:40.552 [main] PackageRelationshipCollection - Parsing relationship: /xl/worksheets/_rels/sheet1.xml.rels
[DEBUG] 2024-03-20 07:18:40.553 [main] PackageRelationshipCollection - Parsing relationship: /_rels/.rels
[DEBUG] 2024-03-20 07:18:40.571 [main] POIXMLFactory - using default POIXMLDocumentPart for http://schemas.openxmlformats.org/officeDocument/2006/relationships/printerSettings
[DEBUG] 2024-03-20 07:18:40.596 [main] PackageRelationshipCollection - Parsing relationship: /xl/_rels/workbook.xml.rels
[DEBUG] 2024-03-20 07:18:40.597 [main] PackageRelationshipCollection - Parsing relationship: /xl/worksheets/_rels/sheet1.xml.rels
[DEBUG] 2024-03-20 07:18:40.598 [main] PackageRelationshipCollection - Parsing relationship: /_rels/.rels
[DEBUG] 2024-03-20 07:18:40.614 [main] POIXMLFactory - using default POIXMLDocumentPart for http://schemas.openxmlformats.org/officeDocument/2006/relationships/printerSettings
[DEBUG] 2024-03-20 07:18:40.639 [main] PackageRelationshipCollection - Parsing relationship: /xl/_rels/workbook.xml.rels
[DEBUG] 2024-03-20 07:18:40.640 [main] PackageRelationshipCollection - Parsing relationship: /xl/worksheets/_rels/sheet1.xml.rels
[DEBUG] 2024-03-20 07:18:40.642 [main] PackageRelationshipCollection - Parsing relationship: /_rels/.rels
[DEBUG] 2024-03-20 07:18:40.659 [main] POIXMLFactory - using default POIXMLDocumentPart for http://schemas.openxmlformats.org/officeDocument/2006/relationships/printerSettings
[DEBUG] 2024-03-20 07:18:40.685 [main] PackageRelationshipCollection - Parsing relationship: /xl/_rels/workbook.xml.rels
[DEBUG] 2024-03-20 07:18:40.687 [main] PackageRelationshipCollection - Parsing relationship: /xl/worksheets/_rels/sheet1.xml.rels
[DEBUG] 2024-03-20 07:18:40.688 [main] PackageRelationshipCollection - Parsing relationship: /_rels/.rels
[DEBUG] 2024-03-20 07:18:40.706 [main] POIXMLFactory - using default POIXMLDocumentPart for http://schemas.openxmlformats.org/officeDocument/2006/relationships/printerSettings
[DEBUG] 2024-03-20 07:18:40.727 [main] PackageRelationshipCollection - Parsing relationship: /xl/_rels/workbook.xml.rels
[DEBUG] 2024-03-20 07:18:40.729 [main] PackageRelationshipCollection - Parsing relationship: /xl/worksheets/_rels/sheet1.xml.rels
[DEBUG] 2024-03-20 07:18:40.730 [main] PackageRelationshipCollection - Parsing relationship: /_rels/.rels
[DEBUG] 2024-03-20 07:18:40.746 [main] POIXMLFactory - using default POIXMLDocumentPart for http://schemas.openxmlformats.org/officeDocument/2006/relationships/printerSettings
[DEBUG] 2024-03-20 07:18:40.774 [main] PackageRelationshipCollection - Parsing relationship: /xl/_rels/workbook.xml.rels
[DEBUG] 2024-03-20 07:18:40.776 [main] PackageRelationshipCollection - Parsing relationship: /xl/worksheets/_rels/sheet1.xml.rels
[DEBUG] 2024-03-20 07:18:40.783 [main] PackageRelationshipCollection - Parsing relationship: /_rels/.rels
[DEBUG] 2024-03-20 07:18:40.799 [main] POIXMLFactory - using default POIXMLDocumentPart for http://schemas.openxmlformats.org/officeDocument/2006/relationships/printerSettings
[DEBUG] 2024-03-20 07:18:40.819 [main] PackageRelationshipCollection - Parsing relationship: /xl/_rels/workbook.xml.rels
[DEBUG] 2024-03-20 07:18:40.820 [main] PackageRelationshipCollection - Parsing relationship: /xl/worksheets/_rels/sheet1.xml.rels
[DEBUG] 2024-03-20 07:18:40.822 [main] PackageRelationshipCollection - Parsing relationship: /_rels/.rels
[DEBUG] 2024-03-20 07:18:40.836 [main] POIXMLFactory - using default POIXMLDocumentPart for http://schemas.openxmlformats.org/officeDocument/2006/relationships/printerSettings
[DEBUG] 2024-03-20 07:18:40.859 [main] PackageRelationshipCollection - Parsing relationship: /xl/_rels/workbook.xml.rels
[DEBUG] 2024-03-20 07:18:40.861 [main] PackageRelationshipCollection - Parsing relationship: /xl/worksheets/_rels/sheet1.xml.rels
[DEBUG] 2024-03-20 07:18:40.863 [main] PackageRelationshipCollection - Parsing relationship: /_rels/.rels
[DEBUG] 2024-03-20 07:18:40.877 [main] POIXMLFactory - using default POIXMLDocumentPart for http://schemas.openxmlformats.org/officeDocument/2006/relationships/printerSettings
[DEBUG] 2024-03-20 07:18:40.899 [main] PackageRelationshipCollection - Parsing relationship: /xl/_rels/workbook.xml.rels
[DEBUG] 2024-03-20 07:18:40.901 [main] PackageRelationshipCollection - Parsing relationship: /xl/worksheets/_rels/sheet1.xml.rels
[DEBUG] 2024-03-20 07:18:40.902 [main] PackageRelationshipCollection - Parsing relationship: /_rels/.rels
[DEBUG] 2024-03-20 07:18:40.914 [main] POIXMLFactory - using default POIXMLDocumentPart for http://schemas.openxmlformats.org/officeDocument/2006/relationships/printerSettings
[DEBUG] 2024-03-20 07:18:40.934 [main] PackageRelationshipCollection - Parsing relationship: /xl/_rels/workbook.xml.rels
[DEBUG] 2024-03-20 07:18:40.936 [main] PackageRelationshipCollection - Parsing relationship: /xl/worksheets/_rels/sheet1.xml.rels
[DEBUG] 2024-03-20 07:18:40.937 [main] PackageRelationshipCollection - Parsing relationship: /_rels/.rels
[DEBUG] 2024-03-20 07:18:40.950 [main] POIXMLFactory - using default POIXMLDocumentPart for http://schemas.openxmlformats.org/officeDocument/2006/relationships/printerSettings
[DEBUG] 2024-03-20 07:18:40.968 [main] PackageRelationshipCollection - Parsing relationship: /xl/_rels/workbook.xml.rels
[DEBUG] 2024-03-20 07:18:40.970 [main] PackageRelationshipCollection - Parsing relationship: /xl/worksheets/_rels/sheet1.xml.rels
[DEBUG] 2024-03-20 07:18:40.971 [main] PackageRelationshipCollection - Parsing relationship: /_rels/.rels
[DEBUG] 2024-03-20 07:18:40.985 [main] POIXMLFactory - using default POIXMLDocumentPart for http://schemas.openxmlformats.org/officeDocument/2006/relationships/printerSettings
[DEBUG] 2024-03-20 07:18:41.010 [main] PackageRelationshipCollection - Parsing relationship: /xl/_rels/workbook.xml.rels
[DEBUG] 2024-03-20 07:18:41.013 [main] PackageRelationshipCollection - Parsing relationship: /xl/worksheets/_rels/sheet1.xml.rels
[DEBUG] 2024-03-20 07:18:41.014 [main] PackageRelationshipCollection - Parsing relationship: /_rels/.rels
[DEBUG] 2024-03-20 07:18:41.028 [main] POIXMLFactory - using default POIXMLDocumentPart for http://schemas.openxmlformats.org/officeDocument/2006/relationships/printerSettings
[DEBUG] 2024-03-20 07:18:41.047 [main] PackageRelationshipCollection - Parsing relationship: /xl/_rels/workbook.xml.rels
[DEBUG] 2024-03-20 07:18:41.048 [main] PackageRelationshipCollection - Parsing relationship: /xl/worksheets/_rels/sheet1.xml.rels
[DEBUG] 2024-03-20 07:18:41.050 [main] PackageRelationshipCollection - Parsing relationship: /_rels/.rels
[DEBUG] 2024-03-20 07:18:41.060 [main] POIXMLFactory - using default POIXMLDocumentPart for http://schemas.openxmlformats.org/officeDocument/2006/relationships/printerSettings
[DEBUG] 2024-03-20 07:18:41.082 [main] PackageRelationshipCollection - Parsing relationship: /xl/_rels/workbook.xml.rels
[DEBUG] 2024-03-20 07:18:41.083 [main] PackageRelationshipCollection - Parsing relationship: /xl/worksheets/_rels/sheet1.xml.rels
[DEBUG] 2024-03-20 07:18:41.084 [main] PackageRelationshipCollection - Parsing relationship: /_rels/.rels
[DEBUG] 2024-03-20 07:18:41.098 [main] POIXMLFactory - using default POIXMLDocumentPart for http://schemas.openxmlformats.org/officeDocument/2006/relationships/printerSettings
[DEBUG] 2024-03-20 07:18:41.115 [main] PackageRelationshipCollection - Parsing relationship: /xl/_rels/workbook.xml.rels
[DEBUG] 2024-03-20 07:18:41.117 [main] PackageRelationshipCollection - Parsing relationship: /xl/worksheets/_rels/sheet1.xml.rels
[DEBUG] 2024-03-20 07:18:41.119 [main] PackageRelationshipCollection - Parsing relationship: /_rels/.rels
[DEBUG] 2024-03-20 07:18:41.134 [main] POIXMLFactory - using default POIXMLDocumentPart for http://schemas.openxmlformats.org/officeDocument/2006/relationships/printerSettings
[DEBUG] 2024-03-20 07:18:48.334 [main] PackageRelationshipCollection - Parsing relationship: /xl/_rels/workbook.xml.rels
[DEBUG] 2024-03-20 07:18:48.337 [main] PackageRelationshipCollection - Parsing relationship: /xl/worksheets/_rels/sheet1.xml.rels
[DEBUG] 2024-03-20 07:18:48.339 [main] PackageRelationshipCollection - Parsing relationship: /_rels/.rels
[DEBUG] 2024-03-20 07:18:48.366 [main] POIXMLFactory - using default POIXMLDocumentPart for http://schemas.openxmlformats.org/officeDocument/2006/relationships/printerSettings
[DEBUG] 2024-03-20 07:18:48.386 [main] PackageRelationshipCollection - Parsing relationship: /xl/_rels/workbook.xml.rels
[DEBUG] 2024-03-20 07:18:48.387 [main] PackageRelationshipCollection - Parsing relationship: /xl/worksheets/_rels/sheet1.xml.rels
[DEBUG] 2024-03-20 07:18:48.389 [main] PackageRelationshipCollection - Parsing relationship: /_rels/.rels
[DEBUG] 2024-03-20 07:18:48.401 [main] POIXMLFactory - using default POIXMLDocumentPart for http://schemas.openxmlformats.org/officeDocument/2006/relationships/printerSettings
[DEBUG] 2024-03-20 07:18:48.419 [main] PackageRelationshipCollection - Parsing relationship: /xl/_rels/workbook.xml.rels
[DEBUG] 2024-03-20 07:18:48.420 [main] PackageRelationshipCollection - Parsing relationship: /xl/worksheets/_rels/sheet1.xml.rels
[DEBUG] 2024-03-20 07:18:48.422 [main] PackageRelationshipCollection - Parsing relationship: /_rels/.rels
[DEBUG] 2024-03-20 07:18:48.434 [main] POIXMLFactory - using default POIXMLDocumentPart for http://schemas.openxmlformats.org/officeDocument/2006/relationships/printerSettings
[DEBUG] 2024-03-20 07:18:48.449 [main] PackageRelationshipCollection - Parsing relationship: /xl/_rels/workbook.xml.rels
[DEBUG] 2024-03-20 07:18:48.450 [main] PackageRelationshipCollection - Parsing relationship: /xl/worksheets/_rels/sheet1.xml.rels
[DEBUG] 2024-03-20 07:18:48.451 [main] PackageRelationshipCollection - Parsing relationship: /_rels/.rels
[DEBUG] 2024-03-20 07:18:48.459 [main] POIXMLFactory - using default POIXMLDocumentPart for http://schemas.openxmlformats.org/officeDocument/2006/relationships/printerSettings
[INFO ] 2024-03-20 07:18:52.849 [main] UserTests2 - **************creating user ****************
[INFO ] 2024-03-20 07:18:54.282 [main] UserTests2 - **************user is created****************
[INFO ] 2024-03-20 07:18:54.286 [main] UserTests2 - **************reading user information ****************
[INFO ] 2024-03-20 07:18:55.572 [main] UserTests2 - ************** user info is displayed ****************
[INFO ] 2024-03-20 07:18:55.577 [main] UserTests2 - **************user updating ****************
[INFO ] 2024-03-20 07:18:56.876 [main] UserTests2 - ************** user is updated ****************
[INFO ] 2024-03-20 07:18:58.120 [main] UserTests2 - **************deleting user ****************
[INFO ] 2024-03-20 07:18:59.442 [main] UserTests2 - ************** user deleted****************
[INFO ] 2024-03-20 07:18:59.563 [main] UserTests - **************creating user ****************
[INFO ] 2024-03-20 07:19:00.768 [main] UserTests - **************user is created****************
[INFO ] 2024-03-20 07:19:00.773 [main] UserTests - **************reading user information ****************
[INFO ] 2024-03-20 07:19:01.985 [main] UserTests - ************** user info is displayed ****************
[INFO ] 2024-03-20 07:19:01.992 [main] UserTests - **************user updating ****************
[INFO ] 2024-03-20 07:19:03.237 [main] UserTests - ************** user is updated ****************
[INFO ] 2024-03-20 07:19:04.542 [main] UserTests - **************deleting user ****************
[INFO ] 2024-03-20 07:19:05.816 [main] UserTests - ************** user deleted****************
